#
# There is insufficient memory for the Java Runtime Environment to continue.
# Native memory allocation (malloc) failed to allocate 1048576 bytes for AllocateHeap
# Possible reasons:
#   The system is out of physical RAM or swap space
#   The process is running with CompressedOops enabled, and the Java Heap may be blocking the growth of the native heap
# Possible solutions:
#   Reduce memory load on the system
#   Increase physical memory or swap space
#   Check if swap backing store is full
#   Decrease Java heap size (-Xmx/-Xms)
#   Decrease number of Java threads
#   Decrease Java thread stack sizes (-Xss)
#   Set larger code cache with -XX:ReservedCodeCacheSize=
#   JVM is running with Unscaled Compressed Oops mode in which the Java heap is
#     placed in the first 4GB address space. The Java Heap base address is the
#     maximum limit for the native heap growth. Please use -XX:HeapBaseMinAddress
#     to set the Java Heap base and to place the Java Heap above 4GB virtual address.
# This output file may be truncated or incomplete.
#
#  Out of Memory Error (allocation.cpp:44), pid=9340, tid=8280
#
# JRE version: OpenJDK Runtime Environment Temurin-17.0.6+10 (17.0.6+10) (build 17.0.6+10)
# Java VM: OpenJDK 64-Bit Server VM Temurin-17.0.6+10 (17.0.6+10, mixed mode, emulated-client, tiered, compressed oops, compressed class ptrs, g1 gc, windows-amd64)
# No core dump will be written. Minidumps are not enabled by default on client versions of Windows
#

---------------  S U M M A R Y ------------

Command Line: -XX:+HeapDumpOnOutOfMemoryError -Xmx1024m -Dsts.lsp.client=vscode -Dsts.log.file=/dev/null -XX:TieredStopAtLevel=1 -Xlog:jni+resolve=off -Dspring.config.location=file:c:\Users\sakas\.vscode\extensions\vmware.vscode-spring-boot-1.45.0\language-server\BOOT-INF\classes\application.properties org.springframework.ide.vscode.boot.app.BootLanguageServerBootApp

Host: 11th Gen Intel(R) Core(TM) i5-1135G7 @ 2.40GHz, 8 cores, 7G,  Windows 11 , 64 bit Build 22621 (10.0.22621.1485)
Time: Wed Apr 12 15:23:42 2023 India Standard Time elapsed time: 2468.016600 seconds (0d 0h 41m 8s)

---------------  T H R E A D  ---------------

Current thread (0x00000266235f84b0):  VMThread "VM Thread" [stack: 0x000000d579000000,0x000000d579100000] [id=8280]

Stack: [0x000000d579000000,0x000000d579100000]
Native frames: (J=compiled Java code, j=interpreted, Vv=VM code, C=native code)
V  [jvm.dll+0x67741a]
V  [jvm.dll+0x834434]
V  [jvm.dll+0x835bde]
V  [jvm.dll+0x836243]
V  [jvm.dll+0x2457b5]
V  [jvm.dll+0xa626f]
V  [jvm.dll+0x2f5ad3]
V  [jvm.dll+0x2f17e0]
V  [jvm.dll+0x2d9ee7]
V  [jvm.dll+0x31ce67]
V  [jvm.dll+0x83a6eb]
V  [jvm.dll+0x83b424]
V  [jvm.dll+0x83b93c]
V  [jvm.dll+0x83bd14]
V  [jvm.dll+0x83bde0]
V  [jvm.dll+0x7e483a]
V  [jvm.dll+0x6762c5]
C  [ucrtbase.dll+0x29363]
C  [KERNEL32.DLL+0x1269d]
C  [ntdll.dll+0x5a9f8]

VM_Operation (0x000000d57a9fea20): G1CollectFull, mode: safepoint, requested by thread 0x0000026624a87c80


---------------  P R O C E S S  ---------------

Threads class SMR info:
_java_thread_list=0x000002663233efd0, length=44, elements={
0x000002662360d370, 0x00000266236105e0, 0x00000266236428c0, 0x0000026624008460,
0x0000026624008d20, 0x00000266240095e0, 0x0000026624009ea0, 0x000002662400fa00,
0x0000026624211990, 0x0000026624219750, 0x0000026624870ed0, 0x00000266248723b0,
0x0000026624a87c80, 0x0000026624934610, 0x0000026618845b80, 0x0000026625c2ac60,
0x00000266249e09b0, 0x000002662635a170, 0x0000026626354fa0, 0x000002662635ab10,
0x000002662635afe0, 0x0000026626354ad0, 0x0000026626358490, 0x0000026626357af0,
0x0000026626358e30, 0x0000026626355e10, 0x0000026626359300, 0x0000026626358960,
0x00000266263597d0, 0x0000026626359ca0, 0x0000026624afec90, 0x0000026624affb00,
0x0000026624afde20, 0x0000026624aff160, 0x0000026624b004a0, 0x0000026624b00970,
0x0000026624afffd0, 0x0000026624aff630, 0x0000026624afe7c0, 0x0000026624afe2f0,
0x0000026624b00e40, 0x0000026624afd480, 0x0000026626355470, 0x0000026626356c80
}

Java Threads: ( => current thread )
  0x000002662360d370 JavaThread "Reference Handler" daemon [_thread_blocked, id=12096, stack(0x000000d579100000,0x000000d579200000)]
  0x00000266236105e0 JavaThread "Finalizer" daemon [_thread_blocked, id=4468, stack(0x000000d579200000,0x000000d579300000)]
  0x00000266236428c0 JavaThread "Signal Dispatcher" daemon [_thread_blocked, id=12084, stack(0x000000d579300000,0x000000d579400000)]
  0x0000026624008460 JavaThread "Attach Listener" daemon [_thread_blocked, id=6164, stack(0x000000d579400000,0x000000d579500000)]
  0x0000026624008d20 JavaThread "Service Thread" daemon [_thread_blocked, id=8412, stack(0x000000d579500000,0x000000d579600000)]
  0x00000266240095e0 JavaThread "Monitor Deflation Thread" daemon [_thread_blocked, id=1460, stack(0x000000d579600000,0x000000d579700000)]
  0x0000026624009ea0 JavaThread "C1 CompilerThread0" daemon [_thread_blocked, id=8924, stack(0x000000d579700000,0x000000d579800000)]
  0x000002662400fa00 JavaThread "Sweeper thread" daemon [_thread_blocked, id=1884, stack(0x000000d579800000,0x000000d579900000)]
  0x0000026624211990 JavaThread "Notification Thread" daemon [_thread_blocked, id=4092, stack(0x000000d579b00000,0x000000d579c00000)]
  0x0000026624219750 JavaThread "Common-Cleaner" daemon [_thread_blocked, id=7736, stack(0x000000d579d00000,0x000000d579e00000)]
  0x0000026624870ed0 JavaThread "boundedElastic-evictor-1" daemon [_thread_blocked, id=12064, stack(0x000000d57a500000,0x000000d57a600000)]
  0x00000266248723b0 JavaThread "boundedElastic-evictor-2" daemon [_thread_blocked, id=1712, stack(0x000000d57a800000,0x000000d57a900000)]
  0x0000026624a87c80 JavaThread "pool-10-thread-1" [_thread_blocked, id=5572, stack(0x000000d57a900000,0x000000d57aa00000)]
  0x0000026624934610 JavaThread "LanguageServerApp-lifecycle" [_thread_blocked, id=5540, stack(0x000000d57aa00000,0x000000d57ab00000)]
  0x0000026618845b80 JavaThread "DestroyJavaVM" [_thread_blocked, id=9344, stack(0x000000d578a00000,0x000000d578b00000)]
  0x0000026625c2ac60 JavaThread "pool-11-thread-1" [_thread_in_native, id=5640, stack(0x000000d57ab00000,0x000000d57ac00000)]
  0x00000266249e09b0 JavaThread "Simple-Language-Server main thread" daemon [_thread_blocked, id=13084, stack(0x000000d57ac00000,0x000000d57ad00000)]
  0x000002662635a170 JavaThread "parallel-1" daemon [_thread_blocked, id=11796, stack(0x000000d57bf00000,0x000000d57c000000)]
  0x0000026626354fa0 JavaThread "pool-4-thread-1" [_thread_blocked, id=11980, stack(0x000000d57c000000,0x000000d57c100000)]
  0x000002662635ab10 JavaThread "parallel-2" daemon [_thread_blocked, id=11960, stack(0x000000d57c100000,0x000000d57c200000)]
  0x000002662635afe0 JavaThread "parallel-3" daemon [_thread_blocked, id=14296, stack(0x000000d57b200000,0x000000d57b300000)]
  0x0000026626354ad0 JavaThread "pool-6-thread-1" [_thread_blocked, id=9308, stack(0x000000d578800000,0x000000d578900000)]
  0x0000026626358490 JavaThread "parallel-4" daemon [_thread_blocked, id=8776, stack(0x000000d578900000,0x000000d578a00000)]
  0x0000026626357af0 JavaThread "Reconciler-1" daemon [_thread_blocked, id=14008, stack(0x000000d57af00000,0x000000d57b000000)]
  0x0000026626358e30 JavaThread "pool-7-thread-1" [_thread_blocked, id=13396, stack(0x000000d57ad00000,0x000000d57ae00000)]
  0x0000026626355e10 JavaThread "pool-7-thread-2" [_thread_blocked, id=10948, stack(0x000000d57b300000,0x000000d57b400000)]
  0x0000026626359300 JavaThread "pool-7-thread-3" [_thread_blocked, id=3456, stack(0x000000d57b400000,0x000000d57b500000)]
  0x0000026626358960 JavaThread "pool-7-thread-4" [_thread_blocked, id=14176, stack(0x000000d57b500000,0x000000d57b600000)]
  0x00000266263597d0 JavaThread "pool-5-thread-1" [_thread_blocked, id=8312, stack(0x000000d57b600000,0x000000d57b700000)]
  0x0000026626359ca0 JavaThread "RMI RenewClean-[localhost:60008]" daemon [_thread_blocked, id=13972, stack(0x000000d57b700000,0x000000d57b800000)]
  0x0000026624afec90 JavaThread "RMI GC Daemon" daemon [_thread_blocked, id=7648, stack(0x000000d57b800000,0x000000d57b900000)]
  0x0000026624affb00 JavaThread "RMI Scheduler(0)" daemon [_thread_blocked, id=8232, stack(0x000000d57b900000,0x000000d57ba00000)]
  0x0000026624afde20 JavaThread "JMX client heartbeat 2" daemon [_thread_blocked, id=1608, stack(0x000000d57ba00000,0x000000d57bb00000)]
  0x0000026624aff160 JavaThread "pool-5-thread-2" [_thread_blocked, id=2360, stack(0x000000d57bb00000,0x000000d57bc00000)]
  0x0000026624b004a0 JavaThread "pool-5-thread-3" [_thread_blocked, id=12384, stack(0x000000d57bc00000,0x000000d57bd00000)]
  0x0000026624b00970 JavaThread "pool-5-thread-4" [_thread_blocked, id=11384, stack(0x000000d57bd00000,0x000000d57be00000)]
  0x0000026624afffd0 JavaThread "pool-5-thread-5" [_thread_blocked, id=8132, stack(0x000000d57be00000,0x000000d57bf00000)]
  0x0000026624aff630 JavaThread "pool-5-thread-6" [_thread_blocked, id=8600, stack(0x000000d57c200000,0x000000d57c300000)]
  0x0000026624afe7c0 JavaThread "pool-5-thread-7" [_thread_blocked, id=8388, stack(0x000000d57a600000,0x000000d57a700000)]
  0x0000026624afe2f0 JavaThread "pool-5-thread-8" [_thread_blocked, id=5196, stack(0x000000d57c300000,0x000000d57c400000)]
  0x0000026624b00e40 JavaThread "pool-5-thread-9" [_thread_blocked, id=8700, stack(0x000000d57c400000,0x000000d57c500000)]
  0x0000026624afd480 JavaThread "pool-5-thread-10" [_thread_blocked, id=7660, stack(0x000000d57cc00000,0x000000d57cd00000)]
  0x0000026626355470 JavaThread "parallel-5" daemon [_thread_blocked, id=11820, stack(0x000000d579900000,0x000000d579a00000)]
  0x0000026626356c80 JavaThread "parallel-6" daemon [_thread_blocked, id=13924, stack(0x000000d57ae00000,0x000000d57af00000)]

Other Threads:
=>0x00000266235f84b0 VMThread "VM Thread" [stack: 0x000000d579000000,0x000000d579100000] [id=8280]
  0x0000026624212270 WatcherThread [stack: 0x000000d579c00000,0x000000d579d00000] [id=8848]
  0x0000026618882ed0 GCTaskThread "GC Thread#0" [stack: 0x000000d578b00000,0x000000d578c00000] [id=2004]
  0x0000026624b9ba30 GCTaskThread "GC Thread#1" [stack: 0x000000d579e00000,0x000000d579f00000] [id=8828]
  0x0000026624b9bce0 GCTaskThread "GC Thread#2" [stack: 0x000000d579f00000,0x000000d57a000000] [id=6700]
  0x0000026624bfeb40 GCTaskThread "GC Thread#3" [stack: 0x000000d57a000000,0x000000d57a100000] [id=9440]
  0x000002662583b0f0 GCTaskThread "GC Thread#4" [stack: 0x000000d57a100000,0x000000d57a200000] [id=4828]
  0x0000026625a68a00 GCTaskThread "GC Thread#5" [stack: 0x000000d57a200000,0x000000d57a300000] [id=6172]
  0x0000026625a68cb0 GCTaskThread "GC Thread#6" [stack: 0x000000d57a300000,0x000000d57a400000] [id=7056]
  0x0000026625a68f60 GCTaskThread "GC Thread#7" [stack: 0x000000d57a400000,0x000000d57a500000] [id=6696]
  0x000002661888bd20 ConcurrentGCThread "G1 Main Marker" [stack: 0x000000d578c00000,0x000000d578d00000] [id=7276]
  0x000002661888c640 ConcurrentGCThread "G1 Conc#0" [stack: 0x000000d578d00000,0x000000d578e00000] [id=6116]
  0x0000026625c2da00 ConcurrentGCThread "G1 Conc#1" [stack: 0x000000d57a700000,0x000000d57a800000] [id=9272]
  0x00000266188f17e0 ConcurrentGCThread "G1 Refine#0" [stack: 0x000000d578e00000,0x000000d578f00000] [id=1696]
  0x00000266263a7d10 ConcurrentGCThread "G1 Refine#1" [stack: 0x000000d57c500000,0x000000d57c600000] [id=12348]
  0x0000026627f0ff80 ConcurrentGCThread "G1 Refine#2" [stack: 0x000000d57c700000,0x000000d57c800000] [id=13484]
  0x00000266282a9fa0 ConcurrentGCThread "G1 Refine#3" [stack: 0x000000d57c800000,0x000000d57c900000] [id=13672]
  0x0000026626764c50 ConcurrentGCThread "G1 Refine#4" [stack: 0x000000d57b100000,0x000000d57b200000] [id=14088]
  0x00000266188f2110 ConcurrentGCThread "G1 Service" [stack: 0x000000d578f00000,0x000000d579000000] [id=4448]

Threads with active compile tasks:

VM state: at safepoint (normal execution)

VM Mutex/Monitor currently owned by a thread:  ([mutex/lock_event])
[0x00000266165dbdd0] Threads_lock - owner thread: 0x00000266235f84b0
[0x00000266188349e0] Heap_lock - owner thread: 0x0000026624a87c80

Heap address: 0x00000000c0000000, size: 1024 MB, Compressed Oops mode: 32-bit

CDS archive(s) not mapped
Compressed class space mapped at: 0x0000000100000000-0x0000000140000000, reserved size: 1073741824
Narrow klass base: 0x0000000000000000, Narrow klass shift: 3, Narrow klass range: 0x140000000

GC Precious Log:
 CPUs: 8 total, 8 available
 Memory: 7975M
 Large Page Support: Disabled
 NUMA Support: Disabled
 Compressed Oops: Enabled (32-bit)
 Heap Region Size: 1M
 Heap Min Capacity: 8M
 Heap Initial Capacity: 126M
 Heap Max Capacity: 1G
 Pre-touch: Disabled
 Parallel Workers: 8
 Concurrent Workers: 2
 Concurrent Refinement Workers: 8
 Periodic GC: Disabled

Heap:
 garbage-first heap   total 235520K, used 80505K [0x00000000c0000000, 0x0000000100000000)
  region size 1024K, 1 young (1024K), 0 survivors (0K)
 Metaspace       used 72715K, committed 73344K, reserved 1114112K
  class space    used 9956K, committed 10240K, reserved 1048576K

Heap Regions: E=young(eden), S=young(survivor), O=old, HS=humongous(starts), HC=humongous(continues), CS=collection set, F=free, OA=open archive, CA=closed archive, TAMS=top-at-mark-start (previous, next)
|   0|0x00000000c0000000, 0x00000000c0100000, 0x00000000c0100000|100%| O|  |TAMS 0x00000000c0100000, 0x00000000c0000000| Untracked 
|   1|0x00000000c0100000, 0x00000000c0200000, 0x00000000c0200000|100%| O|  |TAMS 0x00000000c0200000, 0x00000000c0100000| Untracked 
|   2|0x00000000c0200000, 0x00000000c0300000, 0x00000000c0300000|100%| O|  |TAMS 0x00000000c0300000, 0x00000000c0200000| Untracked 
|   3|0x00000000c0300000, 0x00000000c03fffc0, 0x00000000c0400000| 99%| O|  |TAMS 0x00000000c03fffc0, 0x00000000c0300000| Untracked 
|   4|0x00000000c0400000, 0x00000000c0500000, 0x00000000c0500000|100%| O|  |TAMS 0x00000000c0500000, 0x00000000c0400000| Untracked 
|   5|0x00000000c0500000, 0x00000000c0600000, 0x00000000c0600000|100%| O|  |TAMS 0x00000000c0600000, 0x00000000c0500000| Untracked 
|   6|0x00000000c0600000, 0x00000000c06fff20, 0x00000000c0700000| 99%| O|  |TAMS 0x00000000c06fff20, 0x00000000c0600000| Untracked 
|   7|0x00000000c0700000, 0x00000000c07fff40, 0x00000000c0800000| 99%| O|  |TAMS 0x00000000c07fff40, 0x00000000c0700000| Untracked 
|   8|0x00000000c0800000, 0x00000000c08ffff8, 0x00000000c0900000| 99%| O|  |TAMS 0x00000000c08ffff8, 0x00000000c0800000| Untracked 
|   9|0x00000000c0900000, 0x00000000c09fffb8, 0x00000000c0a00000| 99%| O|  |TAMS 0x00000000c09fffb8, 0x00000000c0900000| Untracked 
|  10|0x00000000c0a00000, 0x00000000c0affff0, 0x00000000c0b00000| 99%| O|  |TAMS 0x00000000c0affff0, 0x00000000c0a00000| Untracked 
|  11|0x00000000c0b00000, 0x00000000c0bfffe8, 0x00000000c0c00000| 99%| O|  |TAMS 0x00000000c0bfffe8, 0x00000000c0b00000| Untracked 
|  12|0x00000000c0c00000, 0x00000000c0cff828, 0x00000000c0d00000| 99%| O|  |TAMS 0x00000000c0cff828, 0x00000000c0c00000| Untracked 
|  13|0x00000000c0d00000, 0x00000000c0dfffe8, 0x00000000c0e00000| 99%| O|  |TAMS 0x00000000c0dfffe8, 0x00000000c0d00000| Untracked 
|  14|0x00000000c0e00000, 0x00000000c0efffd8, 0x00000000c0f00000| 99%| O|  |TAMS 0x00000000c0efffd8, 0x00000000c0e00000| Untracked 
|  15|0x00000000c0f00000, 0x00000000c1000000, 0x00000000c1000000|100%| O|  |TAMS 0x00000000c1000000, 0x00000000c0f00000| Untracked 
|  16|0x00000000c1000000, 0x00000000c10fffd0, 0x00000000c1100000| 99%| O|  |TAMS 0x00000000c10fffd0, 0x00000000c1000000| Untracked 
|  17|0x00000000c1100000, 0x00000000c11ffff8, 0x00000000c1200000| 99%| O|  |TAMS 0x00000000c11ffff8, 0x00000000c1100000| Untracked 
|  18|0x00000000c1200000, 0x00000000c12ffff8, 0x00000000c1300000| 99%| O|  |TAMS 0x00000000c12ffff8, 0x00000000c1200000| Untracked 
|  19|0x00000000c1300000, 0x00000000c13ffff8, 0x00000000c1400000| 99%| O|  |TAMS 0x00000000c13ffff8, 0x00000000c1300000| Untracked 
|  20|0x00000000c1400000, 0x00000000c14ffff0, 0x00000000c1500000| 99%| O|  |TAMS 0x00000000c14ffff0, 0x00000000c1400000| Untracked 
|  21|0x00000000c1500000, 0x00000000c15fd548, 0x00000000c1600000| 98%| O|  |TAMS 0x00000000c15fd548, 0x00000000c1500000| Untracked 
|  22|0x00000000c1600000, 0x00000000c16fd0f0, 0x00000000c1700000| 98%| O|  |TAMS 0x00000000c16fd0f0, 0x00000000c1600000| Untracked 
|  23|0x00000000c1700000, 0x00000000c17fcad0, 0x00000000c1800000| 98%| O|  |TAMS 0x00000000c17fcad0, 0x00000000c1700000| Untracked 
|  24|0x00000000c1800000, 0x00000000c1900000, 0x00000000c1900000|100%| O|  |TAMS 0x00000000c1900000, 0x00000000c1800000| Untracked 
|  25|0x00000000c1900000, 0x00000000c19fce80, 0x00000000c1a00000| 98%| O|  |TAMS 0x00000000c19fce80, 0x00000000c1900000| Untracked 
|  26|0x00000000c1a00000, 0x00000000c1affff8, 0x00000000c1b00000| 99%| O|  |TAMS 0x00000000c1affff8, 0x00000000c1a00000| Untracked 
|  27|0x00000000c1b00000, 0x00000000c1bffd58, 0x00000000c1c00000| 99%| O|  |TAMS 0x00000000c1bffd58, 0x00000000c1b00000| Untracked 
|  28|0x00000000c1c00000, 0x00000000c1cffff8, 0x00000000c1d00000| 99%| O|  |TAMS 0x00000000c1cffff8, 0x00000000c1c00000| Untracked 
|  29|0x00000000c1d00000, 0x00000000c1dffff8, 0x00000000c1e00000| 99%| O|  |TAMS 0x00000000c1dffff8, 0x00000000c1d00000| Untracked 
|  30|0x00000000c1e00000, 0x00000000c1efffe8, 0x00000000c1f00000| 99%| O|  |TAMS 0x00000000c1efffe8, 0x00000000c1e00000| Untracked 
|  31|0x00000000c1f00000, 0x00000000c1ffffe8, 0x00000000c2000000| 99%| O|  |TAMS 0x00000000c1ffffe8, 0x00000000c1f00000| Untracked 
|  32|0x00000000c2000000, 0x00000000c2100000, 0x00000000c2100000|100%| O|  |TAMS 0x00000000c2100000, 0x00000000c2000000| Untracked 
|  33|0x00000000c2100000, 0x00000000c21ffb60, 0x00000000c2200000| 99%| O|  |TAMS 0x00000000c21ffb60, 0x00000000c2100000| Untracked 
|  34|0x00000000c2200000, 0x00000000c2300000, 0x00000000c2300000|100%|HS|  |TAMS 0x00000000c2300000, 0x00000000c2200000| Untracked 
|  35|0x00000000c2300000, 0x00000000c2400000, 0x00000000c2400000|100%| O|  |TAMS 0x00000000c2400000, 0x00000000c2300000| Untracked 
|  36|0x00000000c2400000, 0x00000000c2500000, 0x00000000c2500000|100%| O|  |TAMS 0x00000000c2500000, 0x00000000c2400000| Untracked 
|  37|0x00000000c2500000, 0x00000000c25fc6e0, 0x00000000c2600000| 98%| O|  |TAMS 0x00000000c25fc6e0, 0x00000000c2500000| Untracked 
|  38|0x00000000c2600000, 0x00000000c26ff690, 0x00000000c2700000| 99%| O|  |TAMS 0x00000000c26ff690, 0x00000000c2600000| Untracked 
|  39|0x00000000c2700000, 0x00000000c27ffff8, 0x00000000c2800000| 99%| O|  |TAMS 0x00000000c27ffff8, 0x00000000c2700000| Untracked 
|  40|0x00000000c2800000, 0x00000000c28fffe0, 0x00000000c2900000| 99%| O|  |TAMS 0x00000000c28fffe0, 0x00000000c2800000| Untracked 
|  41|0x00000000c2900000, 0x00000000c29fffe0, 0x00000000c2a00000| 99%| O|  |TAMS 0x00000000c29fffe0, 0x00000000c2900000| Untracked 
|  42|0x00000000c2a00000, 0x00000000c2b00000, 0x00000000c2b00000|100%| O|  |TAMS 0x00000000c2b00000, 0x00000000c2a00000| Untracked 
|  43|0x00000000c2b00000, 0x00000000c2bfffe8, 0x00000000c2c00000| 99%| O|  |TAMS 0x00000000c2bfffe8, 0x00000000c2b00000| Untracked 
|  44|0x00000000c2c00000, 0x00000000c2d00000, 0x00000000c2d00000|100%| O|  |TAMS 0x00000000c2d00000, 0x00000000c2c00000| Untracked 
|  45|0x00000000c2d00000, 0x00000000c2dffff8, 0x00000000c2e00000| 99%| O|  |TAMS 0x00000000c2dffff8, 0x00000000c2d00000| Untracked 
|  46|0x00000000c2e00000, 0x00000000c2f00000, 0x00000000c2f00000|100%| O|  |TAMS 0x00000000c2f00000, 0x00000000c2e00000| Untracked 
|  47|0x00000000c2f00000, 0x00000000c3000000, 0x00000000c3000000|100%| O|  |TAMS 0x00000000c3000000, 0x00000000c2f00000| Untracked 
|  48|0x00000000c3000000, 0x00000000c3100000, 0x00000000c3100000|100%| O|  |TAMS 0x00000000c3100000, 0x00000000c3000000| Untracked 
|  49|0x00000000c3100000, 0x00000000c3200000, 0x00000000c3200000|100%| O|  |TAMS 0x00000000c3200000, 0x00000000c3100000| Untracked 
|  50|0x00000000c3200000, 0x00000000c32fffd0, 0x00000000c3300000| 99%| O|  |TAMS 0x00000000c32fffd0, 0x00000000c3200000| Untracked 
|  51|0x00000000c3300000, 0x00000000c3400000, 0x00000000c3400000|100%| O|  |TAMS 0x00000000c3400000, 0x00000000c3300000| Untracked 
|  52|0x00000000c3400000, 0x00000000c3500000, 0x00000000c3500000|100%| O|  |TAMS 0x00000000c3500000, 0x00000000c3400000| Untracked 
|  53|0x00000000c3500000, 0x00000000c35ffff8, 0x00000000c3600000| 99%| O|  |TAMS 0x00000000c35ffff8, 0x00000000c3500000| Untracked 
|  54|0x00000000c3600000, 0x00000000c36ffff8, 0x00000000c3700000| 99%| O|  |TAMS 0x00000000c36ffff8, 0x00000000c3600000| Untracked 
|  55|0x00000000c3700000, 0x00000000c37fffc0, 0x00000000c3800000| 99%| O|  |TAMS 0x00000000c37fffc0, 0x00000000c3700000| Untracked 
|  56|0x00000000c3800000, 0x00000000c38fffe8, 0x00000000c3900000| 99%| O|  |TAMS 0x00000000c38fffe8, 0x00000000c3800000| Untracked 
|  57|0x00000000c3900000, 0x00000000c3a00000, 0x00000000c3a00000|100%| O|  |TAMS 0x00000000c3a00000, 0x00000000c3900000| Untracked 
|  58|0x00000000c3a00000, 0x00000000c3afffd0, 0x00000000c3b00000| 99%| O|  |TAMS 0x00000000c3afffd0, 0x00000000c3a00000| Untracked 
|  59|0x00000000c3b00000, 0x00000000c3bffff8, 0x00000000c3c00000| 99%| O|  |TAMS 0x00000000c3bffff8, 0x00000000c3b00000| Untracked 
|  60|0x00000000c3c00000, 0x00000000c3cfffd0, 0x00000000c3d00000| 99%| O|  |TAMS 0x00000000c3cfffd0, 0x00000000c3c00000| Untracked 
|  61|0x00000000c3d00000, 0x00000000c3e00000, 0x00000000c3e00000|100%| O|  |TAMS 0x00000000c3e00000, 0x00000000c3d00000| Untracked 
|  62|0x00000000c3e00000, 0x00000000c3f00000, 0x00000000c3f00000|100%| O|  |TAMS 0x00000000c3f00000, 0x00000000c3e00000| Untracked 
|  63|0x00000000c3f00000, 0x00000000c4000000, 0x00000000c4000000|100%| O|  |TAMS 0x00000000c4000000, 0x00000000c3f00000| Untracked 
|  64|0x00000000c4000000, 0x00000000c4100000, 0x00000000c4100000|100%|HS|  |TAMS 0x00000000c4100000, 0x00000000c4000000| Untracked 
|  65|0x00000000c4100000, 0x00000000c4200000, 0x00000000c4200000|100%|HS|  |TAMS 0x00000000c4200000, 0x00000000c4100000| Untracked 
|  66|0x00000000c4200000, 0x00000000c4300000, 0x00000000c4300000|100%|HC|  |TAMS 0x00000000c4300000, 0x00000000c4200000| Untracked 
|  67|0x00000000c4300000, 0x00000000c43fff98, 0x00000000c4400000| 99%| O|  |TAMS 0x00000000c43fff98, 0x00000000c4300000| Untracked 
|  68|0x00000000c4400000, 0x00000000c44b0c40, 0x00000000c4500000| 69%| O|  |TAMS 0x00000000c4400000, 0x00000000c4400000| Untracked 
|  69|0x00000000c4500000, 0x00000000c4597738, 0x00000000c4600000| 59%| O|  |TAMS 0x00000000c4500000, 0x00000000c4500000| Untracked 
|  70|0x00000000c4600000, 0x00000000c4667a08, 0x00000000c4700000| 40%| O|  |TAMS 0x00000000c4600000, 0x00000000c4600000| Untracked 
|  71|0x00000000c4700000, 0x00000000c47ffff0, 0x00000000c4800000| 99%| O|  |TAMS 0x00000000c47ffff0, 0x00000000c4700000| Untracked 
|  72|0x00000000c4800000, 0x00000000c4900000, 0x00000000c4900000|100%| O|  |TAMS 0x00000000c4900000, 0x00000000c4800000| Untracked 
|  73|0x00000000c4900000, 0x00000000c4a00000, 0x00000000c4a00000|100%| O|  |TAMS 0x00000000c4a00000, 0x00000000c4900000| Untracked 
|  74|0x00000000c4a00000, 0x00000000c4a00068, 0x00000000c4b00000|  0%| O|  |TAMS 0x00000000c4a00000, 0x00000000c4a00000| Untracked 
|  75|0x00000000c4b00000, 0x00000000c4b00000, 0x00000000c4c00000|  0%| F|  |TAMS 0x00000000c4b00000, 0x00000000c4b00000| Untracked 
|  76|0x00000000c4c00000, 0x00000000c4c00000, 0x00000000c4d00000|  0%| F|  |TAMS 0x00000000c4c00000, 0x00000000c4c00000| Untracked 
|  77|0x00000000c4d00000, 0x00000000c4d00000, 0x00000000c4e00000|  0%| F|  |TAMS 0x00000000c4d00000, 0x00000000c4d00000| Untracked 
|  78|0x00000000c4e00000, 0x00000000c4e00000, 0x00000000c4f00000|  0%| F|  |TAMS 0x00000000c4e00000, 0x00000000c4e00000| Untracked 
|  79|0x00000000c4f00000, 0x00000000c4f00000, 0x00000000c5000000|  0%| F|  |TAMS 0x00000000c4f00000, 0x00000000c4f00000| Untracked 
|  80|0x00000000c5000000, 0x00000000c5000000, 0x00000000c5100000|  0%| F|  |TAMS 0x00000000c5000000, 0x00000000c5000000| Untracked 
|  81|0x00000000c5100000, 0x00000000c5100000, 0x00000000c5200000|  0%| F|  |TAMS 0x00000000c5100000, 0x00000000c5100000| Untracked 
|  82|0x00000000c5200000, 0x00000000c5200000, 0x00000000c5300000|  0%| F|  |TAMS 0x00000000c5200000, 0x00000000c5200000| Untracked 
|  83|0x00000000c5300000, 0x00000000c5300000, 0x00000000c5400000|  0%| F|  |TAMS 0x00000000c5300000, 0x00000000c5300000| Untracked 
|  84|0x00000000c5400000, 0x00000000c5400000, 0x00000000c5500000|  0%| F|  |TAMS 0x00000000c5400000, 0x00000000c5400000| Untracked 
|  85|0x00000000c5500000, 0x00000000c5500000, 0x00000000c5600000|  0%| F|  |TAMS 0x00000000c5500000, 0x00000000c5500000| Untracked 
|  86|0x00000000c5600000, 0x00000000c5600000, 0x00000000c5700000|  0%| F|  |TAMS 0x00000000c5600000, 0x00000000c5600000| Untracked 
|  87|0x00000000c5700000, 0x00000000c5700000, 0x00000000c5800000|  0%| F|  |TAMS 0x00000000c5700000, 0x00000000c5700000| Untracked 
|  88|0x00000000c5800000, 0x00000000c5800000, 0x00000000c5900000|  0%| F|  |TAMS 0x00000000c5800000, 0x00000000c5800000| Untracked 
|  89|0x00000000c5900000, 0x00000000c5900000, 0x00000000c5a00000|  0%| F|  |TAMS 0x00000000c5900000, 0x00000000c5900000| Untracked 
|  90|0x00000000c5a00000, 0x00000000c5a00000, 0x00000000c5b00000|  0%| F|  |TAMS 0x00000000c5a00000, 0x00000000c5a00000| Untracked 
|  91|0x00000000c5b00000, 0x00000000c5b00000, 0x00000000c5c00000|  0%| F|  |TAMS 0x00000000c5b00000, 0x00000000c5b00000| Untracked 
|  92|0x00000000c5c00000, 0x00000000c5c00000, 0x00000000c5d00000|  0%| F|  |TAMS 0x00000000c5c00000, 0x00000000c5c00000| Untracked 
|  93|0x00000000c5d00000, 0x00000000c5d00000, 0x00000000c5e00000|  0%| F|  |TAMS 0x00000000c5d00000, 0x00000000c5d00000| Untracked 
|  94|0x00000000c5e00000, 0x00000000c5e00000, 0x00000000c5f00000|  0%| F|  |TAMS 0x00000000c5e00000, 0x00000000c5e00000| Untracked 
|  95|0x00000000c5f00000, 0x00000000c5f00000, 0x00000000c6000000|  0%| F|  |TAMS 0x00000000c5f00000, 0x00000000c5f00000| Untracked 
|  96|0x00000000c6000000, 0x00000000c6000000, 0x00000000c6100000|  0%| F|  |TAMS 0x00000000c6000000, 0x00000000c6000000| Untracked 
|  97|0x00000000c6100000, 0x00000000c6100000, 0x00000000c6200000|  0%| F|  |TAMS 0x00000000c6100000, 0x00000000c6100000| Untracked 
|  98|0x00000000c6200000, 0x00000000c6200000, 0x00000000c6300000|  0%| F|  |TAMS 0x00000000c6200000, 0x00000000c6200000| Untracked 
|  99|0x00000000c6300000, 0x00000000c6300000, 0x00000000c6400000|  0%| F|  |TAMS 0x00000000c6300000, 0x00000000c6300000| Untracked 
| 100|0x00000000c6400000, 0x00000000c6400000, 0x00000000c6500000|  0%| F|  |TAMS 0x00000000c6400000, 0x00000000c6400000| Untracked 
| 101|0x00000000c6500000, 0x00000000c6500000, 0x00000000c6600000|  0%| F|  |TAMS 0x00000000c6500000, 0x00000000c6500000| Untracked 
| 102|0x00000000c6600000, 0x00000000c6600000, 0x00000000c6700000|  0%| F|  |TAMS 0x00000000c6600000, 0x00000000c6600000| Untracked 
| 103|0x00000000c6700000, 0x00000000c6700000, 0x00000000c6800000|  0%| F|  |TAMS 0x00000000c6700000, 0x00000000c6700000| Untracked 
| 104|0x00000000c6800000, 0x00000000c6800000, 0x00000000c6900000|  0%| F|  |TAMS 0x00000000c6800000, 0x00000000c6800000| Untracked 
| 105|0x00000000c6900000, 0x00000000c6900000, 0x00000000c6a00000|  0%| F|  |TAMS 0x00000000c6900000, 0x00000000c6900000| Untracked 
| 106|0x00000000c6a00000, 0x00000000c6a00000, 0x00000000c6b00000|  0%| F|  |TAMS 0x00000000c6a00000, 0x00000000c6a00000| Untracked 
| 107|0x00000000c6b00000, 0x00000000c6b00000, 0x00000000c6c00000|  0%| F|  |TAMS 0x00000000c6b00000, 0x00000000c6b00000| Untracked 
| 108|0x00000000c6c00000, 0x00000000c6c00000, 0x00000000c6d00000|  0%| F|  |TAMS 0x00000000c6c00000, 0x00000000c6c00000| Untracked 
| 109|0x00000000c6d00000, 0x00000000c6d00000, 0x00000000c6e00000|  0%| F|  |TAMS 0x00000000c6d00000, 0x00000000c6d00000| Untracked 
| 110|0x00000000c6e00000, 0x00000000c6e00000, 0x00000000c6f00000|  0%| F|  |TAMS 0x00000000c6e00000, 0x00000000c6e00000| Untracked 
| 111|0x00000000c6f00000, 0x00000000c6f00000, 0x00000000c7000000|  0%| F|  |TAMS 0x00000000c6f00000, 0x00000000c6f00000| Untracked 
| 112|0x00000000c7000000, 0x00000000c7000000, 0x00000000c7100000|  0%| F|  |TAMS 0x00000000c7000000, 0x00000000c7000000| Untracked 
| 113|0x00000000c7100000, 0x00000000c7100000, 0x00000000c7200000|  0%| F|  |TAMS 0x00000000c7100000, 0x00000000c7100000| Untracked 
| 114|0x00000000c7200000, 0x00000000c7200000, 0x00000000c7300000|  0%| F|  |TAMS 0x00000000c7200000, 0x00000000c7200000| Untracked 
| 115|0x00000000c7300000, 0x00000000c7300000, 0x00000000c7400000|  0%| F|  |TAMS 0x00000000c7300000, 0x00000000c7300000| Untracked 
| 116|0x00000000c7400000, 0x00000000c7400000, 0x00000000c7500000|  0%| F|  |TAMS 0x00000000c7400000, 0x00000000c7400000| Untracked 
| 117|0x00000000c7500000, 0x00000000c7500000, 0x00000000c7600000|  0%| F|  |TAMS 0x00000000c7500000, 0x00000000c7500000| Untracked 
| 118|0x00000000c7600000, 0x00000000c7600000, 0x00000000c7700000|  0%| F|  |TAMS 0x00000000c7600000, 0x00000000c7600000| Untracked 
| 119|0x00000000c7700000, 0x00000000c7700000, 0x00000000c7800000|  0%| F|  |TAMS 0x00000000c7700000, 0x00000000c7700000| Untracked 
| 120|0x00000000c7800000, 0x00000000c7800000, 0x00000000c7900000|  0%| F|  |TAMS 0x00000000c7800000, 0x00000000c7800000| Untracked 
| 121|0x00000000c7900000, 0x00000000c7a00000, 0x00000000c7a00000|100%| O|  |TAMS 0x00000000c7a00000, 0x00000000c7900000| Untracked 
| 122|0x00000000c7a00000, 0x00000000c7a00000, 0x00000000c7b00000|  0%| F|  |TAMS 0x00000000c7a00000, 0x00000000c7a00000| Untracked 
| 123|0x00000000c7b00000, 0x00000000c7c00000, 0x00000000c7c00000|100%| O|  |TAMS 0x00000000c7c00000, 0x00000000c7b00000| Untracked 
| 124|0x00000000c7c00000, 0x00000000c7c00000, 0x00000000c7d00000|  0%| F|  |TAMS 0x00000000c7c00000, 0x00000000c7c00000| Untracked 
| 125|0x00000000c7d00000, 0x00000000c7d00000, 0x00000000c7e00000|  0%| F|  |TAMS 0x00000000c7d00000, 0x00000000c7d00000| Untracked 
| 126|0x00000000c7e00000, 0x00000000c7f00000, 0x00000000c7f00000|100%| O|  |TAMS 0x00000000c7f00000, 0x00000000c7e00000| Untracked 
| 127|0x00000000c7f00000, 0x00000000c8000000, 0x00000000c8000000|100%| O|  |TAMS 0x00000000c8000000, 0x00000000c7f00000| Untracked 
| 128|0x00000000c8000000, 0x00000000c8100000, 0x00000000c8100000|100%| O|  |TAMS 0x00000000c8100000, 0x00000000c8000000| Untracked 
| 129|0x00000000c8100000, 0x00000000c8200000, 0x00000000c8200000|100%| O|  |TAMS 0x00000000c8200000, 0x00000000c8100000| Untracked 
| 130|0x00000000c8200000, 0x00000000c8200000, 0x00000000c8300000|  0%| F|  |TAMS 0x00000000c8200000, 0x00000000c8200000| Untracked 
| 131|0x00000000c8300000, 0x00000000c8300000, 0x00000000c8400000|  0%| F|  |TAMS 0x00000000c8300000, 0x00000000c8300000| Untracked 
| 132|0x00000000c8400000, 0x00000000c8400000, 0x00000000c8500000|  0%| F|  |TAMS 0x00000000c8400000, 0x00000000c8400000| Untracked 
| 133|0x00000000c8500000, 0x00000000c8500000, 0x00000000c8600000|  0%| F|  |TAMS 0x00000000c8500000, 0x00000000c8500000| Untracked 
| 134|0x00000000c8600000, 0x00000000c8600000, 0x00000000c8700000|  0%| F|  |TAMS 0x00000000c8600000, 0x00000000c8600000| Untracked 
| 135|0x00000000c8700000, 0x00000000c8700000, 0x00000000c8800000|  0%| F|  |TAMS 0x00000000c8700000, 0x00000000c8700000| Untracked 
| 136|0x00000000c8800000, 0x00000000c8800000, 0x00000000c8900000|  0%| F|  |TAMS 0x00000000c8800000, 0x00000000c8800000| Untracked 
| 137|0x00000000c8900000, 0x00000000c8900000, 0x00000000c8a00000|  0%| F|  |TAMS 0x00000000c8900000, 0x00000000c8900000| Untracked 
| 138|0x00000000c8a00000, 0x00000000c8a00000, 0x00000000c8b00000|  0%| F|  |TAMS 0x00000000c8a00000, 0x00000000c8a00000| Untracked 
| 139|0x00000000c8b00000, 0x00000000c8b00000, 0x00000000c8c00000|  0%| F|  |TAMS 0x00000000c8b00000, 0x00000000c8b00000| Untracked 
| 140|0x00000000c8c00000, 0x00000000c8c00000, 0x00000000c8d00000|  0%| F|  |TAMS 0x00000000c8c00000, 0x00000000c8c00000| Untracked 
| 141|0x00000000c8d00000, 0x00000000c8d00000, 0x00000000c8e00000|  0%| F|  |TAMS 0x00000000c8d00000, 0x00000000c8d00000| Untracked 
| 142|0x00000000c8e00000, 0x00000000c8e00000, 0x00000000c8f00000|  0%| F|  |TAMS 0x00000000c8e00000, 0x00000000c8e00000| Untracked 
| 143|0x00000000c8f00000, 0x00000000c8f00000, 0x00000000c9000000|  0%| F|  |TAMS 0x00000000c8f00000, 0x00000000c8f00000| Untracked 
| 144|0x00000000c9000000, 0x00000000c9000000, 0x00000000c9100000|  0%| F|  |TAMS 0x00000000c9000000, 0x00000000c9000000| Untracked 
| 145|0x00000000c9100000, 0x00000000c9100000, 0x00000000c9200000|  0%| F|  |TAMS 0x00000000c9100000, 0x00000000c9100000| Untracked 
| 146|0x00000000c9200000, 0x00000000c9200000, 0x00000000c9300000|  0%| F|  |TAMS 0x00000000c9200000, 0x00000000c9200000| Untracked 
| 147|0x00000000c9300000, 0x00000000c9300000, 0x00000000c9400000|  0%| F|  |TAMS 0x00000000c9300000, 0x00000000c9300000| Untracked 
| 148|0x00000000c9400000, 0x00000000c9400000, 0x00000000c9500000|  0%| F|  |TAMS 0x00000000c9400000, 0x00000000c9400000| Untracked 
| 149|0x00000000c9500000, 0x00000000c9500000, 0x00000000c9600000|  0%| F|  |TAMS 0x00000000c9500000, 0x00000000c9500000| Untracked 
| 150|0x00000000c9600000, 0x00000000c9600000, 0x00000000c9700000|  0%| F|  |TAMS 0x00000000c9600000, 0x00000000c9600000| Untracked 
| 151|0x00000000c9700000, 0x00000000c9700000, 0x00000000c9800000|  0%| F|  |TAMS 0x00000000c9700000, 0x00000000c9700000| Untracked 
| 152|0x00000000c9800000, 0x00000000c9800000, 0x00000000c9900000|  0%| F|  |TAMS 0x00000000c9800000, 0x00000000c9800000| Untracked 
| 153|0x00000000c9900000, 0x00000000c9900000, 0x00000000c9a00000|  0%| F|  |TAMS 0x00000000c9900000, 0x00000000c9900000| Untracked 
| 154|0x00000000c9a00000, 0x00000000c9a00000, 0x00000000c9b00000|  0%| F|  |TAMS 0x00000000c9a00000, 0x00000000c9a00000| Untracked 
| 155|0x00000000c9b00000, 0x00000000c9b00000, 0x00000000c9c00000|  0%| F|  |TAMS 0x00000000c9b00000, 0x00000000c9b00000| Untracked 
| 156|0x00000000c9c00000, 0x00000000c9c00000, 0x00000000c9d00000|  0%| F|  |TAMS 0x00000000c9c00000, 0x00000000c9c00000| Untracked 
| 157|0x00000000c9d00000, 0x00000000c9d00000, 0x00000000c9e00000|  0%| F|  |TAMS 0x00000000c9d00000, 0x00000000c9d00000| Untracked 
| 158|0x00000000c9e00000, 0x00000000c9e00000, 0x00000000c9f00000|  0%| F|  |TAMS 0x00000000c9e00000, 0x00000000c9e00000| Untracked 
| 159|0x00000000c9f00000, 0x00000000c9f00000, 0x00000000ca000000|  0%| F|  |TAMS 0x00000000c9f00000, 0x00000000c9f00000| Untracked 
| 160|0x00000000ca000000, 0x00000000ca000000, 0x00000000ca100000|  0%| F|  |TAMS 0x00000000ca000000, 0x00000000ca000000| Untracked 
| 161|0x00000000ca100000, 0x00000000ca100000, 0x00000000ca200000|  0%| F|  |TAMS 0x00000000ca100000, 0x00000000ca100000| Untracked 
| 162|0x00000000ca200000, 0x00000000ca200000, 0x00000000ca300000|  0%| F|  |TAMS 0x00000000ca200000, 0x00000000ca200000| Untracked 
| 163|0x00000000ca300000, 0x00000000ca300000, 0x00000000ca400000|  0%| F|  |TAMS 0x00000000ca300000, 0x00000000ca300000| Untracked 
| 164|0x00000000ca400000, 0x00000000ca400000, 0x00000000ca500000|  0%| F|  |TAMS 0x00000000ca400000, 0x00000000ca400000| Untracked 
| 165|0x00000000ca500000, 0x00000000ca500000, 0x00000000ca600000|  0%| F|  |TAMS 0x00000000ca500000, 0x00000000ca500000| Untracked 
| 166|0x00000000ca600000, 0x00000000ca600000, 0x00000000ca700000|  0%| F|  |TAMS 0x00000000ca600000, 0x00000000ca600000| Untracked 
| 167|0x00000000ca700000, 0x00000000ca700000, 0x00000000ca800000|  0%| F|  |TAMS 0x00000000ca700000, 0x00000000ca700000| Untracked 
| 168|0x00000000ca800000, 0x00000000ca800000, 0x00000000ca900000|  0%| F|  |TAMS 0x00000000ca800000, 0x00000000ca800000| Untracked 
| 169|0x00000000ca900000, 0x00000000ca900000, 0x00000000caa00000|  0%| F|  |TAMS 0x00000000ca900000, 0x00000000ca900000| Untracked 
| 170|0x00000000caa00000, 0x00000000caa00000, 0x00000000cab00000|  0%| F|  |TAMS 0x00000000caa00000, 0x00000000caa00000| Untracked 
| 171|0x00000000cab00000, 0x00000000cab00000, 0x00000000cac00000|  0%| F|  |TAMS 0x00000000cab00000, 0x00000000cab00000| Untracked 
| 172|0x00000000cac00000, 0x00000000cac00000, 0x00000000cad00000|  0%| F|  |TAMS 0x00000000cac00000, 0x00000000cac00000| Untracked 
| 173|0x00000000cad00000, 0x00000000cad00000, 0x00000000cae00000|  0%| F|  |TAMS 0x00000000cad00000, 0x00000000cad00000| Untracked 
| 174|0x00000000cae00000, 0x00000000cae00000, 0x00000000caf00000|  0%| F|  |TAMS 0x00000000cae00000, 0x00000000cae00000| Untracked 
| 175|0x00000000caf00000, 0x00000000caf00000, 0x00000000cb000000|  0%| F|  |TAMS 0x00000000caf00000, 0x00000000caf00000| Untracked 
| 176|0x00000000cb000000, 0x00000000cb000000, 0x00000000cb100000|  0%| F|  |TAMS 0x00000000cb000000, 0x00000000cb000000| Untracked 
| 177|0x00000000cb100000, 0x00000000cb100000, 0x00000000cb200000|  0%| F|  |TAMS 0x00000000cb100000, 0x00000000cb100000| Untracked 
| 178|0x00000000cb200000, 0x00000000cb200000, 0x00000000cb300000|  0%| F|  |TAMS 0x00000000cb200000, 0x00000000cb200000| Untracked 
| 179|0x00000000cb300000, 0x00000000cb300000, 0x00000000cb400000|  0%| F|  |TAMS 0x00000000cb300000, 0x00000000cb300000| Untracked 
| 180|0x00000000cb400000, 0x00000000cb400000, 0x00000000cb500000|  0%| F|  |TAMS 0x00000000cb400000, 0x00000000cb400000| Untracked 
| 181|0x00000000cb500000, 0x00000000cb500000, 0x00000000cb600000|  0%| F|  |TAMS 0x00000000cb500000, 0x00000000cb500000| Untracked 
| 182|0x00000000cb600000, 0x00000000cb600000, 0x00000000cb700000|  0%| F|  |TAMS 0x00000000cb600000, 0x00000000cb600000| Untracked 
| 183|0x00000000cb700000, 0x00000000cb700000, 0x00000000cb800000|  0%| F|  |TAMS 0x00000000cb700000, 0x00000000cb700000| Untracked 
| 184|0x00000000cb800000, 0x00000000cb800000, 0x00000000cb900000|  0%| F|  |TAMS 0x00000000cb800000, 0x00000000cb800000| Untracked 
| 185|0x00000000cb900000, 0x00000000cb900000, 0x00000000cba00000|  0%| F|  |TAMS 0x00000000cb900000, 0x00000000cb900000| Untracked 
| 186|0x00000000cba00000, 0x00000000cba00000, 0x00000000cbb00000|  0%| F|  |TAMS 0x00000000cba00000, 0x00000000cba00000| Untracked 
| 187|0x00000000cbb00000, 0x00000000cbb00000, 0x00000000cbc00000|  0%| F|  |TAMS 0x00000000cbb00000, 0x00000000cbb00000| Untracked 
| 188|0x00000000cbc00000, 0x00000000cbc00000, 0x00000000cbd00000|  0%| F|  |TAMS 0x00000000cbc00000, 0x00000000cbc00000| Untracked 
| 189|0x00000000cbd00000, 0x00000000cbd00000, 0x00000000cbe00000|  0%| F|  |TAMS 0x00000000cbd00000, 0x00000000cbd00000| Untracked 
| 190|0x00000000cbe00000, 0x00000000cbe00000, 0x00000000cbf00000|  0%| F|  |TAMS 0x00000000cbe00000, 0x00000000cbe00000| Untracked 
| 191|0x00000000cbf00000, 0x00000000cbf00000, 0x00000000cc000000|  0%| F|  |TAMS 0x00000000cbf00000, 0x00000000cbf00000| Untracked 
| 192|0x00000000cc000000, 0x00000000cc000000, 0x00000000cc100000|  0%| F|  |TAMS 0x00000000cc000000, 0x00000000cc000000| Untracked 
| 193|0x00000000cc100000, 0x00000000cc100000, 0x00000000cc200000|  0%| F|  |TAMS 0x00000000cc100000, 0x00000000cc100000| Untracked 
| 194|0x00000000cc200000, 0x00000000cc200000, 0x00000000cc300000|  0%| F|  |TAMS 0x00000000cc200000, 0x00000000cc200000| Untracked 
| 195|0x00000000cc300000, 0x00000000cc300000, 0x00000000cc400000|  0%| F|  |TAMS 0x00000000cc300000, 0x00000000cc300000| Untracked 
| 196|0x00000000cc400000, 0x00000000cc400000, 0x00000000cc500000|  0%| F|  |TAMS 0x00000000cc400000, 0x00000000cc400000| Untracked 
| 197|0x00000000cc500000, 0x00000000cc500000, 0x00000000cc600000|  0%| F|  |TAMS 0x00000000cc500000, 0x00000000cc500000| Untracked 
| 198|0x00000000cc600000, 0x00000000cc600000, 0x00000000cc700000|  0%| F|  |TAMS 0x00000000cc600000, 0x00000000cc600000| Untracked 
| 199|0x00000000cc700000, 0x00000000cc700000, 0x00000000cc800000|  0%| F|  |TAMS 0x00000000cc700000, 0x00000000cc700000| Untracked 
| 200|0x00000000cc800000, 0x00000000cc800000, 0x00000000cc900000|  0%| F|  |TAMS 0x00000000cc800000, 0x00000000cc800000| Untracked 
| 201|0x00000000cc900000, 0x00000000cc900000, 0x00000000cca00000|  0%| F|  |TAMS 0x00000000cc900000, 0x00000000cc900000| Untracked 
| 202|0x00000000cca00000, 0x00000000cca00000, 0x00000000ccb00000|  0%| F|  |TAMS 0x00000000cca00000, 0x00000000cca00000| Untracked 
| 203|0x00000000ccb00000, 0x00000000ccb00000, 0x00000000ccc00000|  0%| F|  |TAMS 0x00000000ccb00000, 0x00000000ccb00000| Untracked 
| 204|0x00000000ccc00000, 0x00000000ccc00000, 0x00000000ccd00000|  0%| F|  |TAMS 0x00000000ccc00000, 0x00000000ccc00000| Untracked 
| 205|0x00000000ccd00000, 0x00000000ccd00000, 0x00000000cce00000|  0%| F|  |TAMS 0x00000000ccd00000, 0x00000000ccd00000| Untracked 
| 206|0x00000000cce00000, 0x00000000cce00000, 0x00000000ccf00000|  0%| F|  |TAMS 0x00000000cce00000, 0x00000000cce00000| Untracked 
| 207|0x00000000ccf00000, 0x00000000ccf00000, 0x00000000cd000000|  0%| F|  |TAMS 0x00000000ccf00000, 0x00000000ccf00000| Untracked 
| 208|0x00000000cd000000, 0x00000000cd000000, 0x00000000cd100000|  0%| F|  |TAMS 0x00000000cd000000, 0x00000000cd000000| Untracked 
| 209|0x00000000cd100000, 0x00000000cd100000, 0x00000000cd200000|  0%| F|  |TAMS 0x00000000cd100000, 0x00000000cd100000| Untracked 
| 210|0x00000000cd200000, 0x00000000cd200000, 0x00000000cd300000|  0%| F|  |TAMS 0x00000000cd200000, 0x00000000cd200000| Untracked 
| 211|0x00000000cd300000, 0x00000000cd300000, 0x00000000cd400000|  0%| F|  |TAMS 0x00000000cd300000, 0x00000000cd300000| Untracked 
| 212|0x00000000cd400000, 0x00000000cd400000, 0x00000000cd500000|  0%| F|  |TAMS 0x00000000cd400000, 0x00000000cd400000| Untracked 
| 213|0x00000000cd500000, 0x00000000cd500000, 0x00000000cd600000|  0%| F|  |TAMS 0x00000000cd500000, 0x00000000cd500000| Untracked 
| 214|0x00000000cd600000, 0x00000000cd600000, 0x00000000cd700000|  0%| F|  |TAMS 0x00000000cd600000, 0x00000000cd600000| Untracked 
| 215|0x00000000cd700000, 0x00000000cd700000, 0x00000000cd800000|  0%| F|  |TAMS 0x00000000cd700000, 0x00000000cd700000| Untracked 
| 216|0x00000000cd800000, 0x00000000cd800000, 0x00000000cd900000|  0%| F|  |TAMS 0x00000000cd800000, 0x00000000cd800000| Untracked 
| 217|0x00000000cd900000, 0x00000000cd900000, 0x00000000cda00000|  0%| F|  |TAMS 0x00000000cd900000, 0x00000000cd900000| Untracked 
| 218|0x00000000cda00000, 0x00000000cda00000, 0x00000000cdb00000|  0%| F|  |TAMS 0x00000000cda00000, 0x00000000cda00000| Untracked 
| 219|0x00000000cdb00000, 0x00000000cdb00000, 0x00000000cdc00000|  0%| F|  |TAMS 0x00000000cdb00000, 0x00000000cdb00000| Untracked 
| 220|0x00000000cdc00000, 0x00000000cdc00000, 0x00000000cdd00000|  0%| F|  |TAMS 0x00000000cdc00000, 0x00000000cdc00000| Untracked 
| 221|0x00000000cdd00000, 0x00000000cdd00000, 0x00000000cde00000|  0%| F|  |TAMS 0x00000000cdd00000, 0x00000000cdd00000| Untracked 
| 222|0x00000000cde00000, 0x00000000cde00000, 0x00000000cdf00000|  0%| F|  |TAMS 0x00000000cde00000, 0x00000000cde00000| Untracked 
| 223|0x00000000cdf00000, 0x00000000cdf00000, 0x00000000ce000000|  0%| F|  |TAMS 0x00000000cdf00000, 0x00000000cdf00000| Untracked 
| 337|0x00000000d5100000, 0x00000000d5100000, 0x00000000d5200000|  0%| F|  |TAMS 0x00000000d5100000, 0x00000000d5100000| Untracked 
| 338|0x00000000d5200000, 0x00000000d5200000, 0x00000000d5300000|  0%| F|  |TAMS 0x00000000d5200000, 0x00000000d5200000| Untracked 
| 339|0x00000000d5300000, 0x00000000d5300000, 0x00000000d5400000|  0%| F|  |TAMS 0x00000000d5300000, 0x00000000d5300000| Untracked 
| 340|0x00000000d5400000, 0x00000000d5400000, 0x00000000d5500000|  0%| F|  |TAMS 0x00000000d5400000, 0x00000000d5400000| Untracked 
| 341|0x00000000d5500000, 0x00000000d5500000, 0x00000000d5600000|  0%| F|  |TAMS 0x00000000d5500000, 0x00000000d5500000| Untracked 
| 342|0x00000000d5600000, 0x00000000d5640f98, 0x00000000d5700000| 25%| E|  |TAMS 0x00000000d5600000, 0x00000000d5600000| Complete 

Card table byte_map: [0x000002661e7d0000,0x000002661e9d0000] _byte_map_base: 0x000002661e1d0000

Marking Bits (Prev, Next): (CMBitMap*) 0x00000266188833f0, (CMBitMap*) 0x0000026618883430
 Prev Bits: [0x000002661ebd0000, 0x000002661fbd0000)
 Next Bits: [0x000002661fbd0000, 0x0000026620bd0000)

Polling page: 0x0000026616760000

Metaspace:

Usage:
  Non-class:     61.29 MB used.
      Class:      9.72 MB used.
       Both:     71.01 MB used.

Virtual space:
  Non-class space:       64.00 MB reserved,      61.62 MB ( 96%) committed,  8 nodes.
      Class space:        1.00 GB reserved,      10.00 MB ( <1%) committed,  1 nodes.
             Both:        1.06 GB reserved,      71.62 MB (  7%) committed. 

Chunk freelists:
   Non-Class:  2.18 MB
       Class:  2.01 MB
        Both:  4.19 MB

MaxMetaspaceSize: unlimited
CompressedClassSpaceSize: 1.00 GB
Initial GC threshold: 21.00 MB
Current GC threshold: 119.38 MB
CDS: off
MetaspaceReclaimPolicy: balanced
 - commit_granule_bytes: 65536.
 - commit_granule_words: 8192.
 - virtual_space_node_default_size: 1048576.
 - enlarge_chunks_in_place: 1.
 - new_chunks_are_fully_committed: 0.
 - uncommit_free_chunks: 1.
 - use_allocation_guard: 0.
 - handle_deallocations: 1.


Internal statistics:

num_allocs_failed_limit: 8.
num_arena_births: 1062.
num_arena_deaths: 506.
num_vsnodes_births: 9.
num_vsnodes_deaths: 0.
num_space_committed: 1146.
num_space_uncommitted: 0.
num_chunks_returned_to_freelist: 691.
num_chunks_taken_from_freelist: 3660.
num_chunk_merges: 240.
num_chunk_splits: 2351.
num_chunks_enlarged: 1671.
num_purges: 28.
num_inconsistent_stats: 0.

CodeCache: size=49152Kb used=23478Kb max_used=24706Kb free=25673Kb
 bounds [0x000002661b4c0000, 0x000002661ccf0000, 0x000002661e4c0000]
 total_blobs=13509 nmethods=12812 adapters=623
 compilation: enabled
              stopped_count=0, restarted_count=0
 full_count=0

Compilation events (20 events):
Event: 2011.359 Thread 0x0000026624009ea0 13050       1       ch.qos.logback.core.UnsynchronizedAppenderBase::getFilterChainDecision (9 bytes)
Event: 2011.359 Thread 0x0000026624009ea0 nmethod 13050 0x000002661cba9d90 code [0x000002661cba9f20, 0x000002661cbaa008]
Event: 2011.359 Thread 0x0000026624009ea0 13051       1       ch.qos.logback.core.spi.FilterAttachableImpl::getFilterChainDecision (62 bytes)
Event: 2011.363 Thread 0x0000026624009ea0 nmethod 13051 0x000002661cba9690 code [0x000002661cba9860, 0x000002661cba9b38]
Event: 2011.363 Thread 0x0000026624009ea0 13052       1       ch.qos.logback.core.OutputStreamAppender::append (14 bytes)
Event: 2011.364 Thread 0x0000026624009ea0 nmethod 13052 0x000002661cba9310 code [0x000002661cba94a0, 0x000002661cba95a8]
Event: 2114.779 Thread 0x0000026624009ea0 13053       1       ch.qos.logback.classic.spi.LoggingEvent::extractThrowableAnRearrangeArguments (22 bytes)
Event: 2114.785 Thread 0x0000026624009ea0 nmethod 13053 0x000002661cba8e10 code [0x000002661cba8fc0, 0x000002661cba91e8]
Event: 2114.786 Thread 0x0000026624009ea0 13054       1       ch.qos.logback.classic.spi.EventArgUtil::extractThrowable (32 bytes)
Event: 2114.786 Thread 0x0000026624009ea0 nmethod 13054 0x000002661cba8990 code [0x000002661cba8b40, 0x000002661cba8cf8]
Event: 2114.786 Thread 0x0000026624009ea0 13055       1       ch.qos.logback.classic.spi.EventArgUtil::successfulExtraction (10 bytes)
Event: 2114.786 Thread 0x0000026624009ea0 nmethod 13055 0x000002661cba8690 code [0x000002661cba8820, 0x000002661cba88d8]
Event: 2116.080 Thread 0x0000026624009ea0 13056       1       java.util.ArrayList$ListItr::hasPrevious (13 bytes)
Event: 2116.082 Thread 0x0000026624009ea0 nmethod 13056 0x000002661cba8390 code [0x000002661cba8520, 0x000002661cba85f8]
Event: 2325.672 Thread 0x0000026624009ea0 13057       1       java.lang.ClassValue$Version::promise (5 bytes)
Event: 2325.679 Thread 0x0000026624009ea0 nmethod 13057 0x000002661cba8090 code [0x000002661cba8220, 0x000002661cba82f8]
Event: 2325.867 Thread 0x0000026624009ea0 13058       1       java.util.Collections::reverse (125 bytes)
Event: 2325.869 Thread 0x0000026624009ea0 nmethod 13058 0x000002661cba7810 code [0x000002661cba7a40, 0x000002661cba7de8]
Event: 2375.653 Thread 0x0000026624009ea0 13059       1       java.lang.System::getProperty (26 bytes)
Event: 2375.707 Thread 0x0000026624009ea0 nmethod 13059 0x000002661cba6f90 code [0x000002661cba71a0, 0x000002661cba7588]

GC Heap History (20 events):
Event: 2365.519 GC heap before
{Heap before GC invocations=231 (full 171):
 garbage-first heap   total 235520K, used 80505K [0x00000000c0000000, 0x0000000100000000)
  region size 1024K, 1 young (1024K), 0 survivors (0K)
 Metaspace       used 72715K, committed 73344K, reserved 1114112K
  class space    used 9956K, committed 10240K, reserved 1048576K
}
Event: 2365.639 GC heap after
{Heap after GC invocations=232 (full 172):
 garbage-first heap   total 235520K, used 80505K [0x00000000c0000000, 0x0000000100000000)
  region size 1024K, 0 young (0K), 0 survivors (0K)
 Metaspace       used 72715K, committed 73344K, reserved 1114112K
  class space    used 9956K, committed 10240K, reserved 1048576K
}
Event: 2375.824 GC heap before
{Heap before GC invocations=232 (full 172):
 garbage-first heap   total 235520K, used 80505K [0x00000000c0000000, 0x0000000100000000)
  region size 1024K, 1 young (1024K), 0 survivors (0K)
 Metaspace       used 72715K, committed 73344K, reserved 1114112K
  class space    used 9956K, committed 10240K, reserved 1048576K
}
Event: 2375.921 GC heap after
{Heap after GC invocations=233 (full 173):
 garbage-first heap   total 235520K, used 80505K [0x00000000c0000000, 0x0000000100000000)
  region size 1024K, 0 young (0K), 0 survivors (0K)
 Metaspace       used 72715K, committed 73344K, reserved 1114112K
  class space    used 9956K, committed 10240K, reserved 1048576K
}
Event: 2386.056 GC heap before
{Heap before GC invocations=233 (full 173):
 garbage-first heap   total 235520K, used 80505K [0x00000000c0000000, 0x0000000100000000)
  region size 1024K, 1 young (1024K), 0 survivors (0K)
 Metaspace       used 72715K, committed 73344K, reserved 1114112K
  class space    used 9956K, committed 10240K, reserved 1048576K
}
Event: 2386.154 GC heap after
{Heap after GC invocations=234 (full 174):
 garbage-first heap   total 235520K, used 80505K [0x00000000c0000000, 0x0000000100000000)
  region size 1024K, 0 young (0K), 0 survivors (0K)
 Metaspace       used 72715K, committed 73344K, reserved 1114112K
  class space    used 9956K, committed 10240K, reserved 1048576K
}
Event: 2396.312 GC heap before
{Heap before GC invocations=234 (full 174):
 garbage-first heap   total 235520K, used 80505K [0x00000000c0000000, 0x0000000100000000)
  region size 1024K, 1 young (1024K), 0 survivors (0K)
 Metaspace       used 72715K, committed 73344K, reserved 1114112K
  class space    used 9956K, committed 10240K, reserved 1048576K
}
Event: 2396.402 GC heap after
{Heap after GC invocations=235 (full 175):
 garbage-first heap   total 235520K, used 80505K [0x00000000c0000000, 0x0000000100000000)
  region size 1024K, 0 young (0K), 0 survivors (0K)
 Metaspace       used 72715K, committed 73344K, reserved 1114112K
  class space    used 9956K, committed 10240K, reserved 1048576K
}
Event: 2406.542 GC heap before
{Heap before GC invocations=235 (full 175):
 garbage-first heap   total 235520K, used 80505K [0x00000000c0000000, 0x0000000100000000)
  region size 1024K, 1 young (1024K), 0 survivors (0K)
 Metaspace       used 72715K, committed 73344K, reserved 1114112K
  class space    used 9956K, committed 10240K, reserved 1048576K
}
Event: 2406.625 GC heap after
{Heap after GC invocations=236 (full 176):
 garbage-first heap   total 235520K, used 80505K [0x00000000c0000000, 0x0000000100000000)
  region size 1024K, 0 young (0K), 0 survivors (0K)
 Metaspace       used 72715K, committed 73344K, reserved 1114112K
  class space    used 9956K, committed 10240K, reserved 1048576K
}
Event: 2416.783 GC heap before
{Heap before GC invocations=236 (full 176):
 garbage-first heap   total 235520K, used 80505K [0x00000000c0000000, 0x0000000100000000)
  region size 1024K, 1 young (1024K), 0 survivors (0K)
 Metaspace       used 72715K, committed 73344K, reserved 1114112K
  class space    used 9956K, committed 10240K, reserved 1048576K
}
Event: 2416.892 GC heap after
{Heap after GC invocations=237 (full 177):
 garbage-first heap   total 235520K, used 80505K [0x00000000c0000000, 0x0000000100000000)
  region size 1024K, 0 young (0K), 0 survivors (0K)
 Metaspace       used 72715K, committed 73344K, reserved 1114112K
  class space    used 9956K, committed 10240K, reserved 1048576K
}
Event: 2427.131 GC heap before
{Heap before GC invocations=237 (full 177):
 garbage-first heap   total 235520K, used 80505K [0x00000000c0000000, 0x0000000100000000)
  region size 1024K, 1 young (1024K), 0 survivors (0K)
 Metaspace       used 72715K, committed 73344K, reserved 1114112K
  class space    used 9956K, committed 10240K, reserved 1048576K
}
Event: 2427.240 GC heap after
{Heap after GC invocations=238 (full 178):
 garbage-first heap   total 235520K, used 80505K [0x00000000c0000000, 0x0000000100000000)
  region size 1024K, 0 young (0K), 0 survivors (0K)
 Metaspace       used 72715K, committed 73344K, reserved 1114112K
  class space    used 9956K, committed 10240K, reserved 1048576K
}
Event: 2437.345 GC heap before
{Heap before GC invocations=238 (full 178):
 garbage-first heap   total 235520K, used 80505K [0x00000000c0000000, 0x0000000100000000)
  region size 1024K, 1 young (1024K), 0 survivors (0K)
 Metaspace       used 72715K, committed 73344K, reserved 1114112K
  class space    used 9956K, committed 10240K, reserved 1048576K
}
Event: 2437.441 GC heap after
{Heap after GC invocations=239 (full 179):
 garbage-first heap   total 235520K, used 80505K [0x00000000c0000000, 0x0000000100000000)
  region size 1024K, 0 young (0K), 0 survivors (0K)
 Metaspace       used 72715K, committed 73344K, reserved 1114112K
  class space    used 9956K, committed 10240K, reserved 1048576K
}
Event: 2447.627 GC heap before
{Heap before GC invocations=239 (full 179):
 garbage-first heap   total 235520K, used 80505K [0x00000000c0000000, 0x0000000100000000)
  region size 1024K, 1 young (1024K), 0 survivors (0K)
 Metaspace       used 72715K, committed 73344K, reserved 1114112K
  class space    used 9956K, committed 10240K, reserved 1048576K
}
Event: 2447.706 GC heap after
{Heap after GC invocations=240 (full 180):
 garbage-first heap   total 235520K, used 80505K [0x00000000c0000000, 0x0000000100000000)
  region size 1024K, 0 young (0K), 0 survivors (0K)
 Metaspace       used 72715K, committed 73344K, reserved 1114112K
  class space    used 9956K, committed 10240K, reserved 1048576K
}
Event: 2457.856 GC heap before
{Heap before GC invocations=240 (full 180):
 garbage-first heap   total 235520K, used 80505K [0x00000000c0000000, 0x0000000100000000)
  region size 1024K, 1 young (1024K), 0 survivors (0K)
 Metaspace       used 72715K, committed 73344K, reserved 1114112K
  class space    used 9956K, committed 10240K, reserved 1048576K
}
Event: 2457.964 GC heap after
{Heap after GC invocations=241 (full 181):
 garbage-first heap   total 235520K, used 80505K [0x00000000c0000000, 0x0000000100000000)
  region size 1024K, 0 young (0K), 0 survivors (0K)
 Metaspace       used 72715K, committed 73344K, reserved 1114112K
  class space    used 9956K, committed 10240K, reserved 1048576K
}

Dll operation events (12 events):
Event: 0.008 Loaded shared library c:\Users\sakas\.vscode\extensions\redhat.java-1.16.0-win32-x64\jre\17.0.6-win32-x86_64\bin\java.dll
Event: 0.238 Loaded shared library C:\Users\sakas\.vscode\extensions\redhat.java-1.16.0-win32-x64\jre\17.0.6-win32-x86_64\bin\net.dll
Event: 0.239 Loaded shared library C:\Users\sakas\.vscode\extensions\redhat.java-1.16.0-win32-x64\jre\17.0.6-win32-x86_64\bin\nio.dll
Event: 0.566 Loaded shared library C:\Users\sakas\.vscode\extensions\redhat.java-1.16.0-win32-x64\jre\17.0.6-win32-x86_64\bin\zip.dll
Event: 4.465 Loaded shared library C:\Users\sakas\.vscode\extensions\redhat.java-1.16.0-win32-x64\jre\17.0.6-win32-x86_64\bin\jimage.dll
Event: 10.926 Loaded shared library C:\Users\sakas\.vscode\extensions\redhat.java-1.16.0-win32-x64\jre\17.0.6-win32-x86_64\bin\management.dll
Event: 10.931 Loaded shared library C:\Users\sakas\.vscode\extensions\redhat.java-1.16.0-win32-x64\jre\17.0.6-win32-x86_64\bin\management_ext.dll
Event: 13.492 Loaded shared library C:\Users\sakas\.vscode\extensions\redhat.java-1.16.0-win32-x64\jre\17.0.6-win32-x86_64\bin\sunmscapi.dll
Event: 18.965 Loaded shared library c:\Users\sakas\.vscode\extensions\redhat.java-1.16.0-win32-x64\jre\17.0.6-win32-x86_64\bin\verify.dll
Event: 24.907 Loaded shared library C:\Users\sakas\AppData\Local\Temp\snappy-1.1.8-d7caa645-1536-427a-b629-65699822280d-snappyjava.dll
Event: 225.204 Loaded shared library C:\Users\sakas\.vscode\extensions\redhat.java-1.16.0-win32-x64\jre\17.0.6-win32-x86_64\bin\attach.dll
Event: 225.569 Loaded shared library C:\Users\sakas\.vscode\extensions\redhat.java-1.16.0-win32-x64\jre\17.0.6-win32-x86_64\bin\rmi.dll

Deoptimization events (20 events):
Event: 1353.155 Thread 0x0000026626354600 DEOPT PACKING pc=0x000002661c396fec sp=0x000000d57b0fddb0
Event: 1353.155 Thread 0x0000026626354600 DEOPT UNPACKING pc=0x000002661b51ace3 sp=0x000000d57b0fd2d8 mode 0
Event: 1474.192 Thread 0x0000026624afd950 DEOPT PACKING pc=0x000002661c7b0aa0 sp=0x000000d5787fce90
Event: 1474.192 Thread 0x0000026624afd950 DEOPT UNPACKING pc=0x000002661b51ace3 sp=0x000000d5787fc310 mode 3
Event: 1496.421 Thread 0x0000026626354fa0 DEOPT PACKING pc=0x000002661ccdd4b6 sp=0x000000d57c0fd860
Event: 1496.421 Thread 0x0000026626354fa0 DEOPT UNPACKING pc=0x000002661b51ace3 sp=0x000000d57c0fcd58 mode 3
Event: 1496.469 Thread 0x0000026626354fa0 DEOPT PACKING pc=0x000002661beadcc4 sp=0x000000d57c0fe6b0
Event: 1496.469 Thread 0x0000026626354fa0 DEOPT UNPACKING pc=0x000002661b51ace3 sp=0x000000d57c0fdb90 mode 0
Event: 1496.469 Thread 0x0000026626354fa0 DEOPT PACKING pc=0x000002661beaf3cc sp=0x000000d57c0fe750
Event: 1496.469 Thread 0x0000026626354fa0 DEOPT UNPACKING pc=0x000002661b51ace3 sp=0x000000d57c0fdc30 mode 0
Event: 1496.469 Thread 0x0000026626354fa0 DEOPT PACKING pc=0x000002661beadcc4 sp=0x000000d57c0fe870
Event: 1496.469 Thread 0x0000026626354fa0 DEOPT UNPACKING pc=0x000002661b51ace3 sp=0x000000d57c0fdd50 mode 0
Event: 1496.469 Thread 0x0000026626354fa0 DEOPT PACKING pc=0x000002661beaf3cc sp=0x000000d57c0fe910
Event: 1496.469 Thread 0x0000026626354fa0 DEOPT UNPACKING pc=0x000002661b51ace3 sp=0x000000d57c0fddf0 mode 0
Event: 1496.469 Thread 0x0000026626354fa0 DEOPT PACKING pc=0x000002661cb2cbf4 sp=0x000000d57c0fea30
Event: 1496.469 Thread 0x0000026626354fa0 DEOPT UNPACKING pc=0x000002661b51ace3 sp=0x000000d57c0fdf00 mode 0
Event: 1496.475 Thread 0x0000026626354fa0 DEOPT PACKING pc=0x000002661beadcc4 sp=0x000000d57c0feb80
Event: 1496.475 Thread 0x0000026626354fa0 DEOPT UNPACKING pc=0x000002661b51ace3 sp=0x000000d57c0fe060 mode 0
Event: 1496.475 Thread 0x0000026626354fa0 DEOPT PACKING pc=0x000002661beaf3cc sp=0x000000d57c0fec20
Event: 1496.475 Thread 0x0000026626354fa0 DEOPT UNPACKING pc=0x000002661b51ace3 sp=0x000000d57c0fe100 mode 0

Classes unloaded (20 events):
Event: 1621.690 Thread 0x00000266235f84b0 Unloading class 0x0000000100398400 'jdk/internal/reflect/GeneratedSerializationConstructorAccessor64'
Event: 1661.858 Thread 0x00000266235f84b0 Unloading class 0x00000001009b8400 'jdk/internal/reflect/GeneratedMethodAccessor35'
Event: 1661.858 Thread 0x00000266235f84b0 Unloading class 0x00000001007aa400 'java/lang/invoke/LambdaForm$MH+0x00000001007aa400'
Event: 1661.858 Thread 0x00000266235f84b0 Unloading class 0x0000000100778000 'java/lang/invoke/LambdaForm$MH+0x0000000100778000'
Event: 1661.858 Thread 0x00000266235f84b0 Unloading class 0x0000000100598000 'java/lang/invoke/LambdaForm$MH+0x0000000100598000'
Event: 1661.858 Thread 0x00000266235f84b0 Unloading class 0x000000010008a400 'jdk/internal/reflect/GeneratedMethodAccessor34'
Event: 1661.858 Thread 0x00000266235f84b0 Unloading class 0x00000001009afc00 'jdk/internal/reflect/GeneratedSerializationConstructorAccessor63'
Event: 1661.858 Thread 0x00000266235f84b0 Unloading class 0x00000001009b0c00 'jdk/internal/reflect/GeneratedSerializationConstructorAccessor62'
Event: 1661.858 Thread 0x00000266235f84b0 Unloading class 0x00000001009c1c00 'jdk/internal/reflect/GeneratedSerializationConstructorAccessor61'
Event: 1661.858 Thread 0x00000266235f84b0 Unloading class 0x00000001009cb400 'jdk/internal/reflect/GeneratedSerializationConstructorAccessor60'
Event: 1661.858 Thread 0x00000266235f84b0 Unloading class 0x00000001009d8800 'jdk/internal/reflect/GeneratedSerializationConstructorAccessor59'
Event: 1661.858 Thread 0x00000266235f84b0 Unloading class 0x00000001009ca000 'jdk/internal/reflect/GeneratedSerializationConstructorAccessor58'
Event: 1661.858 Thread 0x00000266235f84b0 Unloading class 0x00000001009c9400 'jdk/internal/reflect/GeneratedSerializationConstructorAccessor57'
Event: 1661.858 Thread 0x00000266235f84b0 Unloading class 0x00000001009db000 'jdk/internal/reflect/GeneratedSerializationConstructorAccessor56'
Event: 1886.109 Thread 0x00000266235f84b0 Unloading class 0x0000000100778000 'jdk/internal/reflect/GeneratedSerializationConstructorAccessor69'
Event: 1886.109 Thread 0x00000266235f84b0 Unloading class 0x00000001007aa400 'jdk/internal/reflect/GeneratedSerializationConstructorAccessor68'
Event: 1886.109 Thread 0x00000266235f84b0 Unloading class 0x00000001009b8400 'jdk/internal/reflect/GeneratedSerializationConstructorAccessor67'
Event: 2170.782 Thread 0x00000266235f84b0 Unloading class 0x00000001009b8400 'jdk/internal/reflect/GeneratedSerializationConstructorAccessor72'
Event: 2170.783 Thread 0x00000266235f84b0 Unloading class 0x00000001007aa400 'jdk/internal/reflect/GeneratedSerializationConstructorAccessor71'
Event: 2170.783 Thread 0x00000266235f84b0 Unloading class 0x0000000100778000 'jdk/internal/reflect/GeneratedSerializationConstructorAccessor70'

Classes redefined (0 events):
No events

Internal exceptions (20 events):
Event: 1465.081 Thread 0x0000026624afd950 Exception <a 'sun/nio/fs/WindowsException'{0x00000000d520b0d0}> (0x00000000d520b0d0) 
thrown [s\src\hotspot\share\prims\jni.cpp, line 516]
Event: 1465.082 Thread 0x0000026624afd950 Exception <a 'sun/nio/fs/WindowsException'{0x00000000d520bdc0}> (0x00000000d520bdc0) 
thrown [s\src\hotspot\share\prims\jni.cpp, line 516]
Event: 1465.119 Thread 0x0000026624afd950 Exception <a 'sun/nio/fs/WindowsException'{0x00000000cdf4f340}> (0x00000000cdf4f340) 
thrown [s\src\hotspot\share\prims\jni.cpp, line 516]
Event: 1465.119 Thread 0x0000026624afd950 Exception <a 'sun/nio/fs/WindowsException'{0x00000000cdf4f690}> (0x00000000cdf4f690) 
thrown [s\src\hotspot\share\prims\jni.cpp, line 516]
Event: 1465.119 Thread 0x0000026624afd950 Exception <a 'sun/nio/fs/WindowsException'{0x00000000cdf4fd98}> (0x00000000cdf4fd98) 
thrown [s\src\hotspot\share\prims\jni.cpp, line 516]
Event: 1465.120 Thread 0x0000026624afd950 Exception <a 'sun/nio/fs/WindowsException'{0x00000000cdf500d8}> (0x00000000cdf500d8) 
thrown [s\src\hotspot\share\prims\jni.cpp, line 516]
Event: 1474.192 Thread 0x0000026624afd950 Implicit null exception at 0x000002661c7b085a to 0x000002661c7b0a9b
Event: 1474.433 Thread 0x0000026624afd950 Exception <a 'sun/nio/fs/WindowsException'{0x00000000cd3b24e0}> (0x00000000cd3b24e0) 
thrown [s\src\hotspot\share\prims\jni.cpp, line 516]
Event: 1474.433 Thread 0x0000026624afd950 Exception <a 'sun/nio/fs/WindowsException'{0x00000000cd3b31d0}> (0x00000000cd3b31d0) 
thrown [s\src\hotspot\share\prims\jni.cpp, line 516]
Event: 1474.492 Thread 0x0000026624afd950 Exception <a 'sun/nio/fs/WindowsException'{0x00000000cd088d70}> (0x00000000cd088d70) 
thrown [s\src\hotspot\share\prims\jni.cpp, line 516]
Event: 1474.492 Thread 0x0000026624afd950 Exception <a 'sun/nio/fs/WindowsException'{0x00000000cd0890c0}> (0x00000000cd0890c0) 
thrown [s\src\hotspot\share\prims\jni.cpp, line 516]
Event: 1474.492 Thread 0x0000026624afd950 Exception <a 'sun/nio/fs/WindowsException'{0x00000000cd0897c8}> (0x00000000cd0897c8) 
thrown [s\src\hotspot\share\prims\jni.cpp, line 516]
Event: 1474.492 Thread 0x0000026624afd950 Exception <a 'sun/nio/fs/WindowsException'{0x00000000cd089b08}> (0x00000000cd089b08) 
thrown [s\src\hotspot\share\prims\jni.cpp, line 516]
Event: 1496.421 Thread 0x0000026626354fa0 Implicit null exception at 0x000002661ccdc962 to 0x000002661ccdd4b1
Event: 1725.651 Thread 0x0000026626359ca0 Exception <a 'java/lang/NoSuchMethodError'{0x00000000d561d698}: static [Ljava/rmi/server/ObjID;.<clinit>()V> (0x00000000d561d698) 
thrown [s\src\hotspot\share\prims\jni.cpp, line 1107]
Event: 1725.653 Thread 0x0000026626359ca0 Exception <a 'java/lang/NoSuchMethodError'{0x00000000d56291a8}: static [B.<clinit>()V> (0x00000000d56291a8) 
thrown [s\src\hotspot\share\prims\jni.cpp, line 1107]
Event: 2025.663 Thread 0x0000026626359ca0 Exception <a 'java/lang/NoSuchMethodError'{0x00000000d55010c0}: static [Ljava/rmi/server/ObjID;.<clinit>()V> (0x00000000d55010c0) 
thrown [s\src\hotspot\share\prims\jni.cpp, line 1107]
Event: 2025.702 Thread 0x0000026626359ca0 Exception <a 'java/lang/NoSuchMethodError'{0x00000000d550cbb8}: static [B.<clinit>()V> (0x00000000d550cbb8) 
thrown [s\src\hotspot\share\prims\jni.cpp, line 1107]
Event: 2325.684 Thread 0x0000026626359ca0 Exception <a 'java/lang/NoSuchMethodError'{0x00000000d561d350}: static [Ljava/rmi/server/ObjID;.<clinit>()V> (0x00000000d561d350) 
thrown [s\src\hotspot\share\prims\jni.cpp, line 1107]
Event: 2325.809 Thread 0x0000026626359ca0 Exception <a 'java/lang/NoSuchMethodError'{0x00000000d5628e48}: static [B.<clinit>()V> (0x00000000d5628e48) 
thrown [s\src\hotspot\share\prims\jni.cpp, line 1107]

VM Operations (20 events):
Event: 2365.640 Executing VM operation: G1CollectFull done
Event: 2375.824 Executing VM operation: G1CollectFull
Event: 2375.921 Executing VM operation: G1CollectFull done
Event: 2386.056 Executing VM operation: G1CollectFull
Event: 2386.154 Executing VM operation: G1CollectFull done
Event: 2396.311 Executing VM operation: G1CollectFull
Event: 2396.402 Executing VM operation: G1CollectFull done
Event: 2406.542 Executing VM operation: G1CollectFull
Event: 2406.625 Executing VM operation: G1CollectFull done
Event: 2416.783 Executing VM operation: G1CollectFull
Event: 2416.892 Executing VM operation: G1CollectFull done
Event: 2427.131 Executing VM operation: G1CollectFull
Event: 2427.240 Executing VM operation: G1CollectFull done
Event: 2437.344 Executing VM operation: G1CollectFull
Event: 2437.441 Executing VM operation: G1CollectFull done
Event: 2447.626 Executing VM operation: G1CollectFull
Event: 2447.707 Executing VM operation: G1CollectFull done
Event: 2457.856 Executing VM operation: G1CollectFull
Event: 2457.964 Executing VM operation: G1CollectFull done
Event: 2468.008 Executing VM operation: G1CollectFull

Events (20 events):
Event: 1496.465 Thread 0x0000026624b484f0 Thread added: 0x0000026624b484f0
Event: 1497.378 Thread 0x00000266264f4210 Thread added: 0x00000266264f4210
Event: 1497.380 Thread 0x0000026624b484f0 Thread exited: 0x0000026624b484f0
Event: 1497.380 Thread 0x00000266322e7b70 Thread exited: 0x00000266322e7b70
Event: 1534.895 Thread 0x00000266263562e0 Thread exited: 0x00000266263562e0
Event: 1548.239 Thread 0x0000026624b484f0 Thread added: 0x0000026624b484f0
Event: 1553.250 Thread 0x0000026624b484f0 Thread exited: 0x0000026624b484f0
Event: 1557.381 Thread 0x00000266264f4210 Thread exited: 0x00000266264f4210
Event: 1588.378 Thread 0x00000266263562e0 Thread added: 0x00000266263562e0
Event: 1608.247 Thread 0x0000026624afd950 Thread exited: 0x0000026624afd950
Event: 1628.900 Thread 0x0000026626354130 Thread exited: 0x0000026626354130
Event: 1727.446 Thread 0x00000266263562e0 Thread exited: 0x00000266263562e0
Event: 1915.083 Thread 0x0000026626354130 Thread added: 0x0000026626354130
Event: 1975.088 Thread 0x0000026626354130 Thread exited: 0x0000026626354130
Event: 2011.298 Thread 0x00000266263562e0 Thread added: 0x00000266263562e0
Event: 2083.636 Thread 0x00000266263562e0 Thread exited: 0x00000266263562e0
Event: 2114.772 Thread 0x00000266263562e0 Thread added: 0x00000266263562e0
Event: 2174.791 Thread 0x00000266263562e0 Thread exited: 0x00000266263562e0
Event: 2262.052 Thread 0x0000026626354130 Thread added: 0x0000026626354130
Event: 2322.078 Thread 0x0000026626354130 Thread exited: 0x0000026626354130


Dynamic libraries:
0x00007ff7d3940000 - 0x00007ff7d394e000 	c:\Users\sakas\.vscode\extensions\redhat.java-1.16.0-win32-x64\jre\17.0.6-win32-x86_64\bin\java.exe
0x00007ffc7b8d0000 - 0x00007ffc7bae4000 	C:\WINDOWS\SYSTEM32\ntdll.dll
0x00007ffc7add0000 - 0x00007ffc7ae92000 	C:\WINDOWS\System32\KERNEL32.DLL
0x00007ffc78e60000 - 0x00007ffc791fc000 	C:\WINDOWS\System32\KERNELBASE.dll
0x00007ffc78d10000 - 0x00007ffc78e21000 	C:\WINDOWS\System32\ucrtbase.dll
0x00007ffc01730000 - 0x00007ffc01747000 	c:\Users\sakas\.vscode\extensions\redhat.java-1.16.0-win32-x64\jre\17.0.6-win32-x86_64\bin\jli.dll
0x00007ffc7a580000 - 0x00007ffc7a72b000 	C:\WINDOWS\System32\USER32.dll
0x00007ffc78e30000 - 0x00007ffc78e56000 	C:\WINDOWS\System32\win32u.dll
0x00007ffc5d430000 - 0x00007ffc5d6be000 	C:\WINDOWS\WinSxS\amd64_microsoft.windows.common-controls_6595b64144ccf1df_6.0.22621.608_none_a9444ca7c10bb01d\COMCTL32.dll
0x00007ffc7aeb0000 - 0x00007ffc7aed9000 	C:\WINDOWS\System32\GDI32.dll
0x00007ffc7b6d0000 - 0x00007ffc7b777000 	C:\WINDOWS\System32\msvcrt.dll
0x00007ffc79520000 - 0x00007ffc79633000 	C:\WINDOWS\System32\gdi32full.dll
0x00007ffc79640000 - 0x00007ffc796da000 	C:\WINDOWS\System32\msvcp_win.dll
0x00007ffc016f0000 - 0x00007ffc01709000 	c:\Users\sakas\.vscode\extensions\redhat.java-1.16.0-win32-x64\jre\17.0.6-win32-x86_64\bin\VCRUNTIME140.dll
0x00007ffc7a0c0000 - 0x00007ffc7a0f1000 	C:\WINDOWS\System32\IMM32.DLL
0x00007ffc01390000 - 0x00007ffc0139c000 	c:\Users\sakas\.vscode\extensions\redhat.java-1.16.0-win32-x64\jre\17.0.6-win32-x86_64\bin\vcruntime140_1.dll
0x00007ffc012f0000 - 0x00007ffc01381000 	c:\Users\sakas\.vscode\extensions\redhat.java-1.16.0-win32-x64\jre\17.0.6-win32-x86_64\bin\msvcp140.dll
0x00007ffc006a0000 - 0x00007ffc012e7000 	c:\Users\sakas\.vscode\extensions\redhat.java-1.16.0-win32-x64\jre\17.0.6-win32-x86_64\bin\server\jvm.dll
0x00007ffc7a8f0000 - 0x00007ffc7a99e000 	C:\WINDOWS\System32\ADVAPI32.dll
0x00007ffc7ab90000 - 0x00007ffc7ac34000 	C:\WINDOWS\System32\sechost.dll
0x00007ffc7ac50000 - 0x00007ffc7ad67000 	C:\WINDOWS\System32\RPCRT4.dll
0x00007ffc5e950000 - 0x00007ffc5e959000 	C:\WINDOWS\SYSTEM32\WSOCK32.dll
0x00007ffc7b810000 - 0x00007ffc7b881000 	C:\WINDOWS\System32\WS2_32.dll
0x00007ffc73290000 - 0x00007ffc732c4000 	C:\WINDOWS\SYSTEM32\WINMM.dll
0x00007ffc70bd0000 - 0x00007ffc70bda000 	C:\WINDOWS\SYSTEM32\VERSION.dll
0x00007ffc77d60000 - 0x00007ffc77d78000 	C:\WINDOWS\SYSTEM32\kernel.appcore.dll
0x00007ffc00310000 - 0x00007ffc0031a000 	c:\Users\sakas\.vscode\extensions\redhat.java-1.16.0-win32-x64\jre\17.0.6-win32-x86_64\bin\jimage.dll
0x00007ffc761c0000 - 0x00007ffc763ee000 	C:\WINDOWS\SYSTEM32\DBGHELP.DLL
0x00007ffc7b220000 - 0x00007ffc7b5a9000 	C:\WINDOWS\System32\combase.dll
0x00007ffc7a9a0000 - 0x00007ffc7aa77000 	C:\WINDOWS\System32\OLEAUT32.dll
0x00007ffc73240000 - 0x00007ffc73272000 	C:\WINDOWS\SYSTEM32\dbgcore.DLL
0x00007ffc79200000 - 0x00007ffc7927b000 	C:\WINDOWS\System32\bcryptPrimitives.dll
0x00007ffc002d0000 - 0x00007ffc002f5000 	c:\Users\sakas\.vscode\extensions\redhat.java-1.16.0-win32-x64\jre\17.0.6-win32-x86_64\bin\java.dll
0x00007ffc002b0000 - 0x00007ffc002c8000 	c:\Users\sakas\.vscode\extensions\redhat.java-1.16.0-win32-x64\jre\17.0.6-win32-x86_64\bin\zip.dll
0x00007ffc796e0000 - 0x00007ffc79ed0000 	C:\WINDOWS\System32\SHELL32.dll
0x00007ffc76d20000 - 0x00007ffc775ed000 	C:\WINDOWS\SYSTEM32\windows.storage.dll
0x00007ffc76be0000 - 0x00007ffc76d1e000 	C:\WINDOWS\SYSTEM32\wintypes.dll
0x00007ffc7b5b0000 - 0x00007ffc7b6a1000 	C:\WINDOWS\System32\SHCORE.dll
0x00007ffc7ad70000 - 0x00007ffc7adce000 	C:\WINDOWS\System32\shlwapi.dll
0x00007ffc78c40000 - 0x00007ffc78c61000 	C:\WINDOWS\SYSTEM32\profapi.dll
0x00007ffc00290000 - 0x00007ffc002a9000 	C:\Users\sakas\.vscode\extensions\redhat.java-1.16.0-win32-x64\jre\17.0.6-win32-x86_64\bin\net.dll
0x00007ffc73620000 - 0x00007ffc73757000 	C:\WINDOWS\SYSTEM32\WINHTTP.dll
0x00007ffc78240000 - 0x00007ffc782a9000 	C:\WINDOWS\system32\mswsock.dll
0x00007ffc00270000 - 0x00007ffc00285000 	C:\Users\sakas\.vscode\extensions\redhat.java-1.16.0-win32-x64\jre\17.0.6-win32-x86_64\bin\nio.dll
0x00007ffc784d0000 - 0x00007ffc784eb000 	C:\WINDOWS\SYSTEM32\CRYPTSP.dll
0x00007ffc77cd0000 - 0x00007ffc77d05000 	C:\WINDOWS\system32\rsaenh.dll
0x00007ffc78340000 - 0x00007ffc78368000 	C:\WINDOWS\SYSTEM32\USERENV.dll
0x00007ffc786e0000 - 0x00007ffc78708000 	C:\WINDOWS\SYSTEM32\bcrypt.dll
0x00007ffc784f0000 - 0x00007ffc784fc000 	C:\WINDOWS\SYSTEM32\CRYPTBASE.dll
0x00007ffc77840000 - 0x00007ffc7786d000 	C:\WINDOWS\SYSTEM32\IPHLPAPI.DLL
0x00007ffc7ac40000 - 0x00007ffc7ac49000 	C:\WINDOWS\System32\NSI.dll
0x00007ffc72340000 - 0x00007ffc72359000 	C:\WINDOWS\SYSTEM32\dhcpcsvc6.DLL
0x00007ffc722b0000 - 0x00007ffc722cf000 	C:\WINDOWS\SYSTEM32\dhcpcsvc.DLL
0x00007ffc778b0000 - 0x00007ffc779a3000 	C:\WINDOWS\SYSTEM32\DNSAPI.dll
0x00007ffc67ad0000 - 0x00007ffc67ad9000 	C:\Users\sakas\.vscode\extensions\redhat.java-1.16.0-win32-x64\jre\17.0.6-win32-x86_64\bin\management.dll
0x00007ffc66810000 - 0x00007ffc6681b000 	C:\Users\sakas\.vscode\extensions\redhat.java-1.16.0-win32-x64\jre\17.0.6-win32-x86_64\bin\management_ext.dll
0x00007ffc7b050000 - 0x00007ffc7b058000 	C:\WINDOWS\System32\PSAPI.DLL
0x00007ffc3e550000 - 0x00007ffc3e55e000 	C:\Users\sakas\.vscode\extensions\redhat.java-1.16.0-win32-x64\jre\17.0.6-win32-x86_64\bin\sunmscapi.dll
0x00007ffc79280000 - 0x00007ffc793e6000 	C:\WINDOWS\System32\CRYPT32.dll
0x00007ffc786b0000 - 0x00007ffc786de000 	C:\WINDOWS\SYSTEM32\ncrypt.dll
0x00007ffc78670000 - 0x00007ffc786a7000 	C:\WINDOWS\SYSTEM32\NTASN1.dll
0x00007ffc70be0000 - 0x00007ffc70bea000 	C:\Windows\System32\rasadhlp.dll
0x00007ffc6fa10000 - 0x00007ffc6fa93000 	C:\WINDOWS\System32\fwpuclnt.dll
0x00007ffc00260000 - 0x00007ffc00270000 	c:\Users\sakas\.vscode\extensions\redhat.java-1.16.0-win32-x64\jre\17.0.6-win32-x86_64\bin\verify.dll
0x000000006c500000 - 0x000000006c5c7000 	C:\Users\sakas\AppData\Local\Temp\snappy-1.1.8-d7caa645-1536-427a-b629-65699822280d-snappyjava.dll
0x00007ffc615e0000 - 0x00007ffc615e9000 	C:\Users\sakas\.vscode\extensions\redhat.java-1.16.0-win32-x64\jre\17.0.6-win32-x86_64\bin\attach.dll
0x00007ffc59950000 - 0x00007ffc59967000 	C:\WINDOWS\system32\napinsp.dll
0x00007ffc598c0000 - 0x00007ffc598db000 	C:\WINDOWS\system32\pnrpnsp.dll
0x00007ffc598a0000 - 0x00007ffc598b1000 	C:\WINDOWS\System32\winrnr.dll
0x00007ffc59880000 - 0x00007ffc59895000 	C:\WINDOWS\system32\wshbth.dll
0x00007ffc597e0000 - 0x00007ffc59801000 	C:\WINDOWS\system32\nlansp_c.dll
0x00007ffc615d0000 - 0x00007ffc615d7000 	C:\Users\sakas\.vscode\extensions\redhat.java-1.16.0-win32-x64\jre\17.0.6-win32-x86_64\bin\rmi.dll

dbghelp: loaded successfully - version: 4.0.5 - missing functions: none
symbol engine: initialized successfully - sym options: 0x614 - pdb path: .;c:\Users\sakas\.vscode\extensions\redhat.java-1.16.0-win32-x64\jre\17.0.6-win32-x86_64\bin;C:\WINDOWS\SYSTEM32;C:\WINDOWS\WinSxS\amd64_microsoft.windows.common-controls_6595b64144ccf1df_6.0.22621.608_none_a9444ca7c10bb01d;c:\Users\sakas\.vscode\extensions\redhat.java-1.16.0-win32-x64\jre\17.0.6-win32-x86_64\bin\server;C:\Users\sakas\AppData\Local\Temp

VM Arguments:
jvm_args: -XX:+HeapDumpOnOutOfMemoryError -Xmx1024m -Dsts.lsp.client=vscode -Dsts.log.file=/dev/null -XX:TieredStopAtLevel=1 -Xlog:jni+resolve=off -Dspring.config.location=file:c:\Users\sakas\.vscode\extensions\vmware.vscode-spring-boot-1.45.0\language-server\BOOT-INF\classes\application.properties 
java_command: org.springframework.ide.vscode.boot.app.BootLanguageServerBootApp
java_class_path (initial): c:\Users\sakas\.vscode\extensions\vmware.vscode-spring-boot-1.45.0\language-server\BOOT-INF\classes;c:\Users\sakas\.vscode\extensions\vmware.vscode-spring-boot-1.45.0\language-server\BOOT-INF\lib\annotations-24.0.1.jar;c:\Users\sakas\.vscode\extensions\vmware.vscode-spring-boot-1.45.0\language-server\BOOT-INF\lib\ant-1.10.13.jar;c:\Users\sakas\.vscode\extensions\vmware.vscode-spring-boot-1.45.0\language-server\BOOT-INF\lib\ant-launcher-1.10.13.jar;c:\Users\sakas\.vscode\extensions\vmware.vscode-spring-boot-1.45.0\language-server\BOOT-INF\lib\antlr-runtime-3.5.3.jar;c:\Users\sakas\.vscode\extensions\vmware.vscode-spring-boot-1.45.0\language-server\BOOT-INF\lib\antlr4-4.11.1.jar;c:\Users\sakas\.vscode\extensions\vmware.vscode-spring-boot-1.45.0\language-server\BOOT-INF\lib\antlr4-runtime-4.11.1.jar;c:\Users\sakas\.vscode\extensions\vmware.vscode-spring-boot-1.45.0\language-server\BOOT-INF\lib\asm-9.4.jar;c:\Users\sakas\.vscode\extensions\vmware.vscode-spring-boot-1.45.0\language-server\BOOT-INF\lib\asm-analysis-9.4.jar;c:\Users\sakas\.vscode\extensions\vmware.vscode-spring-boot-1.45.0\language-server\BOOT-INF\lib\asm-tree-9.4.jar;c:\Users\sakas\.vscode\extensions\vmware.vscode-spring-boot-1.45.0\language-server\BOOT-INF\lib\asm-util-9.4.jar;c:\Users\sakas\.vscode\extensions\vmware.vscode-spring-boot-1.45.0\language-server\BOOT-INF\lib\caffeine-3.1.2.jar;c:\Users\sakas\.vscode\extensions\vmware.vscode-spring-boot-1.45.0\language-server\BOOT-INF\lib\checker-qual-3.12.0.jar;c:\Users\sakas\.vscode\extensions\vmware.vscode-spring-boot-1.45.0\language-server\BOOT-INF\lib\classgraph-4.8.149.jar;c:\Users\sakas\.vscode\extensions\vmware.vscode-spring-boot-1.45.0\language-server\BOOT-INF\lib\commons-codec-1.15.jar;c:\Users\sakas\.vscode\extensions\vmware.vscode-spring-boot-1.45.0\language-server\BOOT-INF\lib\commons-compress-1.22.jar;c:\Users\sakas\.vscode\extensions\vmware.vscode-spring-boot-1.45.0\language-server\BOOT-INF\lib\commons-io-2.4.jar;c:
Launcher Type: SUN_STANDARD

[Global flags]
     intx CICompilerCount                          = 4                                         {product} {ergonomic}
     uint ConcGCThreads                            = 2                                         {product} {ergonomic}
     uint G1ConcRefinementThreads                  = 8                                         {product} {ergonomic}
   size_t G1HeapRegionSize                         = 1048576                                   {product} {ergonomic}
    uintx GCDrainStackTargetSize                   = 64                                        {product} {ergonomic}
     bool HeapDumpOnOutOfMemoryError               = true                                   {manageable} {command line}
   size_t InitialHeapSize                          = 132120576                                 {product} {ergonomic}
   size_t MarkStackSize                            = 4194304                                   {product} {ergonomic}
   size_t MaxHeapSize                              = 1073741824                                {product} {command line}
   size_t MaxNewSize                               = 643825664                                 {product} {ergonomic}
   size_t MinHeapDeltaBytes                        = 1048576                                   {product} {ergonomic}
   size_t MinHeapSize                              = 8388608                                   {product} {ergonomic}
    uintx NonProfiledCodeHeapSize                  = 0                                      {pd product} {ergonomic}
     bool ProfileInterpreter                       = false                                  {pd product} {command line}
    uintx ProfiledCodeHeapSize                     = 0                                      {pd product} {ergonomic}
   size_t SoftMaxHeapSize                          = 1073741824                             {manageable} {ergonomic}
     intx TieredStopAtLevel                        = 1                                         {product} {command line}
     bool UseCompressedClassPointers               = true                           {product lp64_product} {ergonomic}
     bool UseCompressedOops                        = true                           {product lp64_product} {ergonomic}
     bool UseG1GC                                  = true                                      {product} {ergonomic}
     bool UseLargePagesIndividualAllocation        = false                                  {pd product} {ergonomic}

Logging:
Log output configuration:
 #0: stdout all=warning,jni+resolve=off uptime,level,tags
 #1: stderr all=off uptime,level,tags

Environment Variables:
JAVA_HOME=C:\Program Files\Java\jdk-18.0.1.1
PATH=E:\oracle\app\oracle\product\11.2.0\server\bin;;C:\Python311\Scripts\;C:\Python311\;C:\Program Files\Common Files\Oracle\Java\javapath;C:\WINDOWS\system32;C:\WINDOWS;C:\WINDOWS\System32\Wbem;C:\WINDOWS\System32\WindowsPowerShell\v1.0\;C:\WINDOWS\System32\OpenSSH\;C:\ProgramData\chocolatey\bin;C:\Program Files\Git\cmd;C:\Program Files\nodejs\;C:\Program Files\PowerShell\7\;C:\Program Files\MySQL\MySQL Shell 8.0\bin\;C:\Users\sakas\AppData\Local\Programs\Python\Python37\Scripts\;C:\Users\sakas\AppData\Local\Programs\Python\Python37\;C:\Users\sakas\AppData\Local\Microsoft\WindowsApps;C:\Users\sakas\AppData\Local\GitHubDesktop\bin;E:\Microsoft VS Code\bin;C:\Users\sakas\AppData\Roaming\npm
USERNAME=sakas
OS=Windows_NT
PROCESSOR_IDENTIFIER=Intel64 Family 6 Model 140 Stepping 1, GenuineIntel
TMP=C:\Users\sakas\AppData\Local\Temp
TEMP=C:\Users\sakas\AppData\Local\Temp



---------------  S Y S T E M  ---------------

OS:
 Windows 11 , 64 bit Build 22621 (10.0.22621.1485)
OS uptime: 0 days 0:42 hours

CPU: total 8 (initial active 8) (4 cores per cpu, 2 threads per core) family 6 model 140 stepping 1 microcode 0x8a, cx8, cmov, fxsr, ht, mmx, 3dnowpref, sse, sse2, sse3, ssse3, sse4.1, sse4.2, popcnt, lzcnt, tsc, tscinvbit, avx, avx2, aes, erms, clmul, bmi1, bmi2, adx, avx512f, avx512dq, avx512cd, avx512bw, avx512vl, sha, fma, vzeroupper, avx512_vpopcntdq, avx512_vpclmulqdq, avx512_vaes, avx512_vnni, clflush, clflushopt, clwb, avx512_vbmi2, avx512_vbmi

Memory: 4k page, system-wide physical 7975M (309M free)
TotalPageFile size 20775M (AvailPageFile size 17M)
current process WorkingSet (physical memory assigned to process): 128M, peak: 721M
current process commit charge ("private bytes"): 442M, peak: 765M

vm_info: OpenJDK 64-Bit Server VM (17.0.6+10) for windows-amd64 JRE (17.0.6+10), built on Jan 18 2023 10:08:59 by "temurin" with MS VC++ 16.7 (VS2019)

END.
