2023-05-31 23:03:48,787 DB Server version 8.0.28
2023-05-31 23:03:48,787 Selected database is ('pgmans',)
2023-05-31 23:03:48,788 Today's date is 2023-05-31 00:00:00
2023-05-31 23:03:48,789 email: prasadaswar11@gmail.com
2023-05-31 23:03:48,789 name: Prasad Aswar
2023-05-31 23:03:48,789 ['2023-03-16', '11:09:34.017000']
2023-05-31 23:03:48,789 31
2023-05-31 23:03:48,789 Shifted date is 2023-03-16 00:00:00
2023-05-31 23:03:48,789 email: saurabh11@gmail.com
2023-05-31 23:03:48,789 name: saurabh 
2023-05-31 23:03:48,789 ['2023-03-23', '22:44:21.586000']
2023-05-31 23:03:48,789 31
2023-05-31 23:03:48,789 Shifted date is 2023-03-23 00:00:00
2023-05-31 23:03:48,789 email: mohan@gmail.com
2023-05-31 23:03:48,789 name: mohan singh
2023-05-31 23:03:48,789 ['2023-04-18', '10:40:24.872000']
2023-05-31 23:03:48,789 31
2023-05-31 23:03:48,789 Shifted date is 2023-04-18 00:00:00
2023-05-31 23:03:48,789 email: ramnarayan23@gmail.com
2023-05-31 23:03:48,789 name: Ram Narayan
2023-05-31 23:03:48,789 ['2023-02-28', '00:00:00']
2023-05-31 23:03:48,789 31
2023-05-31 23:03:48,790 Shifted date is 2023-02-28 00:00:00
2023-05-31 23:03:48,790 email: tusharmehta11@gmail.com
2023-05-31 23:03:48,790 name: Tushar mahanta
2023-05-31 23:03:48,790 ['2023-03-18', '00:41:01.134000']
2023-05-31 23:03:48,790 31
2023-05-31 23:03:48,790 Shifted date is 2023-03-18 00:00:00
2023-05-31 23:03:48,790 email: araushan11@gmail.com
2023-05-31 23:03:48,790 name: Master Akash 
2023-05-31 23:03:48,790 ['2023-02-20', '00:00:00']
2023-05-31 23:03:48,790 31
2023-05-31 23:03:48,790 Shifted date is 2023-02-20 00:00:00
2023-05-31 23:03:48,790 email: renu11@gmail.com
2023-05-31 23:03:48,790 name: Renu kumari
2023-05-31 23:03:48,790 ['2023-03-16', '11:09:34.017000']
2023-05-31 23:03:48,790 31
2023-05-31 23:03:48,790 Shifted date is 2023-03-16 00:00:00
2023-05-31 23:03:48,790 email: sonalisingh6795@gmail.com
2023-05-31 23:03:48,790 name: Sonali Kumari
2023-05-31 23:03:48,790 ['2023-02-24', '00:00:00']
2023-05-31 23:03:48,790 31
2023-05-31 23:03:48,790 Shifted date is 2023-02-24 00:00:00
2023-05-31 23:03:48,790 email: raushan11@gmail.com
2023-05-31 23:03:48,790 name: Raushan Kumar
2023-05-31 23:03:48,790 ['2023-03-02', '15:28:49.959000']
2023-05-31 23:03:48,790 31
2023-05-31 23:03:48,790 Shifted date is 2023-03-02 00:00:00
2023-05-31 23:03:48,791 Database connection closed
