2023-02-19T23:52:39.095+05:30  INFO 12552 --- [restartedMain] com.pgman.PgmanApplication               : Starting PgmanApplication using Java 18.0.1.1 with PID 12552 (C:\Users\sakas\OneDrive\Desktop\Work\pgman\target\classes started by sakas in C:\Users\sakas\OneDrive\Desktop\Work\pgman)
2023-02-19T23:52:39.101+05:30  INFO 12552 --- [restartedMain] com.pgman.PgmanApplication               : No active profile set, falling back to 1 default profile: "default"
2023-02-19T23:52:39.173+05:30  INFO 12552 --- [restartedMain] o.s.b.devtools.restart.ChangeableUrls    : The Class-Path manifest attribute in C:\Users\sakas\.m2\repository\com\sun\xml\bind\jaxb-core\4.0.0\jaxb-core-4.0.0.jar referenced one or more files that do not exist: file:/C:/Users/sakas/.m2/repository/com/sun/xml/bind/jaxb-core/4.0.0/jakarta.activation-api.jar,file:/C:/Users/sakas/.m2/repository/com/sun/xml/bind/jaxb-core/4.0.0/jakarta.xml.bind-api.jar
2023-02-19T23:52:39.175+05:30  INFO 12552 --- [restartedMain] .e.DevToolsPropertyDefaultsPostProcessor : Devtools property defaults active! Set 'spring.devtools.add-properties' to 'false' to disable
2023-02-19T23:52:39.175+05:30  INFO 12552 --- [restartedMain] .e.DevToolsPropertyDefaultsPostProcessor : For additional web related logging consider setting the 'logging.level.web' property to 'DEBUG'
2023-02-19T23:52:40.470+05:30  INFO 12552 --- [restartedMain] .s.d.r.c.RepositoryConfigurationDelegate : Bootstrapping Spring Data JPA repositories in DEFAULT mode.
2023-02-19T23:52:40.544+05:30  INFO 12552 --- [restartedMain] .s.d.r.c.RepositoryConfigurationDelegate : Finished Spring Data repository scanning in 65 ms. Found 4 JPA repository interfaces.
2023-02-19T23:52:41.269+05:30  INFO 12552 --- [restartedMain] o.s.b.w.embedded.tomcat.TomcatWebServer  : Tomcat initialized with port(s): 8282 (http)
2023-02-19T23:52:41.281+05:30  INFO 12552 --- [restartedMain] o.apache.catalina.core.StandardService   : Starting service [Tomcat]
2023-02-19T23:52:41.281+05:30  INFO 12552 --- [restartedMain] o.apache.catalina.core.StandardEngine    : Starting Servlet engine: [Apache Tomcat/10.1.1]
2023-02-19T23:52:41.345+05:30  INFO 12552 --- [restartedMain] o.a.c.c.C.[Tomcat].[localhost].[/]       : Initializing Spring embedded WebApplicationContext
2023-02-19T23:52:41.346+05:30  INFO 12552 --- [restartedMain] w.s.c.ServletWebServerApplicationContext : Root WebApplicationContext: initialization completed in 2169 ms
2023-02-19T23:52:41.640+05:30  INFO 12552 --- [restartedMain] o.hibernate.jpa.internal.util.LogHelper  : HHH000204: Processing PersistenceUnitInfo [name: default]
2023-02-19T23:52:41.710+05:30  INFO 12552 --- [restartedMain] org.hibernate.Version                    : HHH000412: Hibernate ORM core version 6.1.5.Final
2023-02-19T23:52:41.883+05:30  WARN 12552 --- [restartedMain] org.hibernate.orm.deprecation            : HHH90000021: Encountered deprecated setting [javax.persistence.sharedCache.mode], use [jakarta.persistence.sharedCache.mode] instead
2023-02-19T23:52:42.012+05:30  INFO 12552 --- [restartedMain] com.zaxxer.hikari.HikariDataSource       : HikariPool-1 - Starting...
2023-02-19T23:52:42.366+05:30  INFO 12552 --- [restartedMain] com.zaxxer.hikari.pool.HikariPool        : HikariPool-1 - Added connection com.mysql.cj.jdbc.ConnectionImpl@77ada53d
2023-02-19T23:52:42.368+05:30  INFO 12552 --- [restartedMain] com.zaxxer.hikari.HikariDataSource       : HikariPool-1 - Start completed.
2023-02-19T23:52:42.389+05:30  INFO 12552 --- [restartedMain] SQL dialect                              : HHH000400: Using dialect: org.hibernate.dialect.MySQL8Dialect
2023-02-19T23:52:42.389+05:30  WARN 12552 --- [restartedMain] org.hibernate.orm.deprecation            : HHH90000026: MySQL8Dialect has been deprecated; use org.hibernate.dialect.MySQLDialect instead
2023-02-19T23:52:43.237+05:30  INFO 12552 --- [restartedMain] o.h.e.t.j.p.i.JtaPlatformInitiator       : HHH000490: Using JtaPlatform implementation: [org.hibernate.engine.transaction.jta.platform.internal.NoJtaPlatform]
2023-02-19T23:52:43.245+05:30  INFO 12552 --- [restartedMain] j.LocalContainerEntityManagerFactoryBean : Initialized JPA EntityManagerFactory for persistence unit 'default'
2023-02-19T23:52:43.855+05:30  WARN 12552 --- [restartedMain] JpaBaseConfiguration$JpaWebConfiguration : spring.jpa.open-in-view is enabled by default. Therefore, database queries may be performed during view rendering. Explicitly configure spring.jpa.open-in-view to disable this warning
2023-02-19T23:52:43.958+05:30  INFO 12552 --- [restartedMain] o.s.b.a.w.s.WelcomePageHandlerMapping    : Adding welcome page template: index
2023-02-19T23:52:44.236+05:30  INFO 12552 --- [restartedMain] o.s.b.a.e.web.EndpointLinksResolver      : Exposing 1 endpoint(s) beneath base path '/actuator'
2023-02-19T23:52:44.326+05:30  INFO 12552 --- [restartedMain] o.s.s.web.DefaultSecurityFilterChain     : Will secure any request with [org.springframework.security.web.session.DisableEncodeUrlFilter@18e31324, org.springframework.security.web.context.request.async.WebAsyncManagerIntegrationFilter@39449db6, org.springframework.security.web.context.SecurityContextHolderFilter@4bb9dc0d, org.springframework.security.web.header.HeaderWriterFilter@333e0ff3, org.springframework.security.web.authentication.logout.LogoutFilter@3b55af35, org.springframework.security.web.authentication.UsernamePasswordAuthenticationFilter@509e3315, org.springframework.security.web.savedrequest.RequestCacheAwareFilter@78129d27, org.springframework.security.web.servletapi.SecurityContextHolderAwareRequestFilter@78c0974a, org.springframework.security.web.authentication.AnonymousAuthenticationFilter@104a566a, org.springframework.security.web.access.ExceptionTranslationFilter@1a7c40a5, org.springframework.security.web.access.intercept.AuthorizationFilter@169f6f50]
2023-02-19T23:52:44.632+05:30  INFO 12552 --- [restartedMain] o.s.b.d.a.OptionalLiveReloadServer       : LiveReload server is running on port 35729
2023-02-19T23:52:44.711+05:30  INFO 12552 --- [restartedMain] o.s.b.w.embedded.tomcat.TomcatWebServer  : Tomcat started on port(s): 8282 (http) with context path ''
2023-02-19T23:52:44.727+05:30  INFO 12552 --- [restartedMain] com.pgman.PgmanApplication               : Started PgmanApplication in 6.067 seconds (process running for 6.453)
2023-02-19T23:52:45.166+05:30  INFO 12552 --- [RMI TCP Connection(1)-127.0.0.1] o.a.c.c.C.[Tomcat].[localhost].[/]       : Initializing Spring DispatcherServlet 'dispatcherServlet'
2023-02-19T23:52:45.167+05:30  INFO 12552 --- [RMI TCP Connection(1)-127.0.0.1] o.s.web.servlet.DispatcherServlet        : Initializing Servlet 'dispatcherServlet'
2023-02-19T23:52:45.169+05:30  INFO 12552 --- [RMI TCP Connection(1)-127.0.0.1] o.s.web.servlet.DispatcherServlet        : Completed initialization in 2 ms
2023-02-19T23:53:11.726+05:30  WARN 12552 --- [http-nio-8282-exec-2] actStandardFragmentInsertionTagProcessor : [THYMELEAF][http-nio-8282-exec-2][login] Deprecated unwrapped fragment expression "base::layout(~{::section})" found in template login, line 2, col 53. Please use the complete syntax of fragment expressions instead ("~{base::layout(~{::section})}"). The old, unwrapped syntax for fragment expressions will be removed in future versions of Thymeleaf.
2023-02-19T23:53:19.387+05:30  INFO 12552 --- [http-nio-8282-exec-7] com.pgman.controller.GuestController     : This is Guest Controller
2023-02-19T23:53:19.451+05:30  WARN 12552 --- [http-nio-8282-exec-7] actStandardFragmentInsertionTagProcessor : [THYMELEAF][http-nio-8282-exec-7][guestviews/guestpage] Deprecated unwrapped fragment expression "guestviews/base::layout(~{::section})" found in template guestviews/guestpage, line 2, col 53. Please use the complete syntax of fragment expressions instead ("~{guestviews/base::layout(~{::section})}"). The old, unwrapped syntax for fragment expressions will be removed in future versions of Thymeleaf.
2023-02-19T23:55:46.667+05:30  INFO 12552 --- [http-nio-8282-exec-3] com.pgman.controller.GuestController     : This is Guest Controller
2023-02-19T23:55:46.706+05:30  WARN 12552 --- [http-nio-8282-exec-3] actStandardFragmentInsertionTagProcessor : [THYMELEAF][http-nio-8282-exec-3][guestviews/guestpage] Deprecated unwrapped fragment expression "guestviews/base::layout(~{::section})" found in template guestviews/guestpage, line 2, col 53. Please use the complete syntax of fragment expressions instead ("~{guestviews/base::layout(~{::section})}"). The old, unwrapped syntax for fragment expressions will be removed in future versions of Thymeleaf.
2023-02-19T23:55:48.150+05:30  INFO 12552 --- [http-nio-8282-exec-7] com.pgman.controller.GuestController     : This is Guest Controller
2023-02-19T23:55:48.184+05:30  WARN 12552 --- [http-nio-8282-exec-7] actStandardFragmentInsertionTagProcessor : [THYMELEAF][http-nio-8282-exec-7][guestviews/guestpage] Deprecated unwrapped fragment expression "guestviews/base::layout(~{::section})" found in template guestviews/guestpage, line 2, col 53. Please use the complete syntax of fragment expressions instead ("~{guestviews/base::layout(~{::section})}"). The old, unwrapped syntax for fragment expressions will be removed in future versions of Thymeleaf.
2023-02-19T23:55:57.737+05:30  INFO 12552 --- [http-nio-8282-exec-1] com.pgman.controller.GuestController     : This is Guest Controller
2023-02-19T23:55:57.776+05:30  WARN 12552 --- [http-nio-8282-exec-1] actStandardFragmentInsertionTagProcessor : [THYMELEAF][http-nio-8282-exec-1][guestviews/guestpage] Deprecated unwrapped fragment expression "guestviews/base::layout(~{::section})" found in template guestviews/guestpage, line 2, col 53. Please use the complete syntax of fragment expressions instead ("~{guestviews/base::layout(~{::section})}"). The old, unwrapped syntax for fragment expressions will be removed in future versions of Thymeleaf.
2023-02-19T23:55:59.270+05:30  INFO 12552 --- [http-nio-8282-exec-4] com.pgman.controller.GuestController     : This is Guest Controller
2023-02-19T23:55:59.305+05:30  WARN 12552 --- [http-nio-8282-exec-4] actStandardFragmentInsertionTagProcessor : [THYMELEAF][http-nio-8282-exec-4][guestviews/guestpage] Deprecated unwrapped fragment expression "guestviews/base::layout(~{::section})" found in template guestviews/guestpage, line 2, col 53. Please use the complete syntax of fragment expressions instead ("~{guestviews/base::layout(~{::section})}"). The old, unwrapped syntax for fragment expressions will be removed in future versions of Thymeleaf.
