2023-02-16T00:51:03.017+05:30  INFO 1040 --- [restartedMain] com.pgman.PgmanApplication               : Starting PgmanApplication using Java 18.0.1.1 with PID 1040 (C:\Users\sakas\OneDrive\Desktop\Work\pgman\target\classes started by sakas in C:\Users\sakas\OneDrive\Desktop\Work\pgman)
2023-02-16T00:51:03.020+05:30  INFO 1040 --- [restartedMain] com.pgman.PgmanApplication               : No active profile set, falling back to 1 default profile: "default"
2023-02-16T00:51:03.103+05:30  INFO 1040 --- [restartedMain] o.s.b.devtools.restart.ChangeableUrls    : The Class-Path manifest attribute in C:\Users\sakas\.m2\repository\com\sun\xml\bind\jaxb-core\4.0.0\jaxb-core-4.0.0.jar referenced one or more files that do not exist: file:/C:/Users/sakas/.m2/repository/com/sun/xml/bind/jaxb-core/4.0.0/jakarta.activation-api.jar,file:/C:/Users/sakas/.m2/repository/com/sun/xml/bind/jaxb-core/4.0.0/jakarta.xml.bind-api.jar
2023-02-16T00:51:03.105+05:30  INFO 1040 --- [restartedMain] .e.DevToolsPropertyDefaultsPostProcessor : Devtools property defaults active! Set 'spring.devtools.add-properties' to 'false' to disable
2023-02-16T00:51:03.105+05:30  INFO 1040 --- [restartedMain] .e.DevToolsPropertyDefaultsPostProcessor : For additional web related logging consider setting the 'logging.level.web' property to 'DEBUG'
2023-02-16T00:51:04.606+05:30  INFO 1040 --- [restartedMain] .s.d.r.c.RepositoryConfigurationDelegate : Bootstrapping Spring Data JPA repositories in DEFAULT mode.
2023-02-16T00:51:04.719+05:30  INFO 1040 --- [restartedMain] .s.d.r.c.RepositoryConfigurationDelegate : Finished Spring Data repository scanning in 101 ms. Found 4 JPA repository interfaces.
2023-02-16T00:51:05.770+05:30  INFO 1040 --- [restartedMain] o.s.b.w.embedded.tomcat.TomcatWebServer  : Tomcat initialized with port(s): 8282 (http)
2023-02-16T00:51:05.784+05:30  INFO 1040 --- [restartedMain] o.apache.catalina.core.StandardService   : Starting service [Tomcat]
2023-02-16T00:51:05.785+05:30  INFO 1040 --- [restartedMain] o.apache.catalina.core.StandardEngine    : Starting Servlet engine: [Apache Tomcat/10.1.1]
2023-02-16T00:51:05.940+05:30  INFO 1040 --- [restartedMain] o.a.c.c.C.[Tomcat].[localhost].[/]       : Initializing Spring embedded WebApplicationContext
2023-02-16T00:51:05.942+05:30  INFO 1040 --- [restartedMain] w.s.c.ServletWebServerApplicationContext : Root WebApplicationContext: initialization completed in 2836 ms
2023-02-16T00:51:06.363+05:30  INFO 1040 --- [restartedMain] o.hibernate.jpa.internal.util.LogHelper  : HHH000204: Processing PersistenceUnitInfo [name: default]
2023-02-16T00:51:06.468+05:30  INFO 1040 --- [restartedMain] org.hibernate.Version                    : HHH000412: Hibernate ORM core version 6.1.5.Final
2023-02-16T00:51:06.747+05:30  WARN 1040 --- [restartedMain] org.hibernate.orm.deprecation            : HHH90000021: Encountered deprecated setting [javax.persistence.sharedCache.mode], use [jakarta.persistence.sharedCache.mode] instead
2023-02-16T00:51:07.006+05:30  INFO 1040 --- [restartedMain] com.zaxxer.hikari.HikariDataSource       : HikariPool-1 - Starting...
2023-02-16T00:51:07.519+05:30  INFO 1040 --- [restartedMain] com.zaxxer.hikari.pool.HikariPool        : HikariPool-1 - Added connection com.mysql.cj.jdbc.ConnectionImpl@40e41104
2023-02-16T00:51:07.524+05:30  INFO 1040 --- [restartedMain] com.zaxxer.hikari.HikariDataSource       : HikariPool-1 - Start completed.
2023-02-16T00:51:07.548+05:30  INFO 1040 --- [restartedMain] SQL dialect                              : HHH000400: Using dialect: org.hibernate.dialect.MySQL8Dialect
2023-02-16T00:51:07.549+05:30  WARN 1040 --- [restartedMain] org.hibernate.orm.deprecation            : HHH90000026: MySQL8Dialect has been deprecated; use org.hibernate.dialect.MySQLDialect instead
2023-02-16T00:51:08.757+05:30  INFO 1040 --- [restartedMain] o.h.e.t.j.p.i.JtaPlatformInitiator       : HHH000490: Using JtaPlatform implementation: [org.hibernate.engine.transaction.jta.platform.internal.NoJtaPlatform]
2023-02-16T00:51:08.768+05:30  INFO 1040 --- [restartedMain] j.LocalContainerEntityManagerFactoryBean : Initialized JPA EntityManagerFactory for persistence unit 'default'
2023-02-16T00:51:09.742+05:30  WARN 1040 --- [restartedMain] JpaBaseConfiguration$JpaWebConfiguration : spring.jpa.open-in-view is enabled by default. Therefore, database queries may be performed during view rendering. Explicitly configure spring.jpa.open-in-view to disable this warning
2023-02-16T00:51:09.860+05:30  INFO 1040 --- [restartedMain] o.s.b.a.w.s.WelcomePageHandlerMapping    : Adding welcome page template: index
2023-02-16T00:51:10.239+05:30  INFO 1040 --- [restartedMain] o.s.b.a.e.web.EndpointLinksResolver      : Exposing 1 endpoint(s) beneath base path '/actuator'
2023-02-16T00:51:10.307+05:30  INFO 1040 --- [restartedMain] o.s.s.web.DefaultSecurityFilterChain     : Will secure any request with [org.springframework.security.web.session.DisableEncodeUrlFilter@3edfff45, org.springframework.security.web.context.request.async.WebAsyncManagerIntegrationFilter@3db040a, org.springframework.security.web.context.SecurityContextHolderFilter@576e988e, org.springframework.security.web.header.HeaderWriterFilter@3b48328f, org.springframework.security.web.authentication.logout.LogoutFilter@29a3d884, org.springframework.security.web.authentication.UsernamePasswordAuthenticationFilter@23d3dd41, org.springframework.security.web.savedrequest.RequestCacheAwareFilter@4f5d7b47, org.springframework.security.web.servletapi.SecurityContextHolderAwareRequestFilter@15eb42e8, org.springframework.security.web.authentication.AnonymousAuthenticationFilter@1ff6a4fc, org.springframework.security.web.access.ExceptionTranslationFilter@2d839c7a, org.springframework.security.web.access.intercept.AuthorizationFilter@3d7ed438]
2023-02-16T00:51:10.691+05:30  INFO 1040 --- [restartedMain] o.s.b.d.a.OptionalLiveReloadServer       : LiveReload server is running on port 35729
2023-02-16T00:51:10.796+05:30  INFO 1040 --- [restartedMain] o.s.b.w.embedded.tomcat.TomcatWebServer  : Tomcat started on port(s): 8282 (http) with context path ''
2023-02-16T00:51:10.820+05:30  INFO 1040 --- [restartedMain] com.pgman.PgmanApplication               : Started PgmanApplication in 8.373 seconds (process running for 8.876)
2023-02-16T00:51:12.030+05:30  INFO 1040 --- [RMI TCP Connection(2)-127.0.0.1] o.a.c.c.C.[Tomcat].[localhost].[/]       : Initializing Spring DispatcherServlet 'dispatcherServlet'
2023-02-16T00:51:12.031+05:30  INFO 1040 --- [RMI TCP Connection(2)-127.0.0.1] o.s.web.servlet.DispatcherServlet        : Initializing Servlet 'dispatcherServlet'
2023-02-16T00:51:12.034+05:30  INFO 1040 --- [RMI TCP Connection(2)-127.0.0.1] o.s.web.servlet.DispatcherServlet        : Completed initialization in 2 ms
2023-02-16T00:52:02.833+05:30  WARN 1040 --- [http-nio-8282-exec-2] actStandardFragmentInsertionTagProcessor : [THYMELEAF][http-nio-8282-exec-2][login] Deprecated unwrapped fragment expression "base::layout(~{::section})" found in template login, line 2, col 53. Please use the complete syntax of fragment expressions instead ("~{base::layout(~{::section})}"). The old, unwrapped syntax for fragment expressions will be removed in future versions of Thymeleaf.
2023-02-16T00:52:19.489+05:30  INFO 1040 --- [http-nio-8282-exec-7] com.pgman.controller.GuestController     : This is Guest Controller
2023-02-16T00:52:19.535+05:30  WARN 1040 --- [http-nio-8282-exec-7] actStandardFragmentInsertionTagProcessor : [THYMELEAF][http-nio-8282-exec-7][guestviews/guestpage] Deprecated unwrapped fragment expression "guestviews/base::layout(~{::section})" found in template guestviews/guestpage, line 2, col 53. Please use the complete syntax of fragment expressions instead ("~{guestviews/base::layout(~{::section})}"). The old, unwrapped syntax for fragment expressions will be removed in future versions of Thymeleaf.
