2023-02-18T01:00:11.055+05:30  INFO 11732 --- [restartedMain] com.pgman.PgmanApplication               : Starting PgmanApplication using Java 18.0.1.1 with PID 11732 (C:\Users\sakas\OneDrive\Desktop\Work\pgman\target\classes started by sakas in C:\Users\sakas\OneDrive\Desktop\Work\pgman)
2023-02-18T01:00:11.064+05:30  INFO 11732 --- [restartedMain] com.pgman.PgmanApplication               : No active profile set, falling back to 1 default profile: "default"
2023-02-18T01:00:11.142+05:30  INFO 11732 --- [restartedMain] o.s.b.devtools.restart.ChangeableUrls    : The Class-Path manifest attribute in C:\Users\sakas\.m2\repository\com\sun\xml\bind\jaxb-core\4.0.0\jaxb-core-4.0.0.jar referenced one or more files that do not exist: file:/C:/Users/sakas/.m2/repository/com/sun/xml/bind/jaxb-core/4.0.0/jakarta.activation-api.jar,file:/C:/Users/sakas/.m2/repository/com/sun/xml/bind/jaxb-core/4.0.0/jakarta.xml.bind-api.jar
2023-02-18T01:00:11.144+05:30  INFO 11732 --- [restartedMain] .e.DevToolsPropertyDefaultsPostProcessor : Devtools property defaults active! Set 'spring.devtools.add-properties' to 'false' to disable
2023-02-18T01:00:11.145+05:30  INFO 11732 --- [restartedMain] .e.DevToolsPropertyDefaultsPostProcessor : For additional web related logging consider setting the 'logging.level.web' property to 'DEBUG'
2023-02-18T01:00:12.623+05:30  INFO 11732 --- [restartedMain] .s.d.r.c.RepositoryConfigurationDelegate : Bootstrapping Spring Data JPA repositories in DEFAULT mode.
2023-02-18T01:00:12.702+05:30  INFO 11732 --- [restartedMain] .s.d.r.c.RepositoryConfigurationDelegate : Finished Spring Data repository scanning in 69 ms. Found 4 JPA repository interfaces.
2023-02-18T01:00:13.722+05:30  INFO 11732 --- [restartedMain] o.s.b.w.embedded.tomcat.TomcatWebServer  : Tomcat initialized with port(s): 8282 (http)
2023-02-18T01:00:13.743+05:30  INFO 11732 --- [restartedMain] o.apache.catalina.core.StandardService   : Starting service [Tomcat]
2023-02-18T01:00:13.744+05:30  INFO 11732 --- [restartedMain] o.apache.catalina.core.StandardEngine    : Starting Servlet engine: [Apache Tomcat/10.1.1]
2023-02-18T01:00:13.852+05:30  INFO 11732 --- [restartedMain] o.a.c.c.C.[Tomcat].[localhost].[/]       : Initializing Spring embedded WebApplicationContext
2023-02-18T01:00:13.855+05:30  INFO 11732 --- [restartedMain] w.s.c.ServletWebServerApplicationContext : Root WebApplicationContext: initialization completed in 2710 ms
2023-02-18T01:00:14.253+05:30  INFO 11732 --- [restartedMain] o.hibernate.jpa.internal.util.LogHelper  : HHH000204: Processing PersistenceUnitInfo [name: default]
2023-02-18T01:00:14.338+05:30  INFO 11732 --- [restartedMain] org.hibernate.Version                    : HHH000412: Hibernate ORM core version 6.1.5.Final
2023-02-18T01:00:14.528+05:30  WARN 11732 --- [restartedMain] org.hibernate.orm.deprecation            : HHH90000021: Encountered deprecated setting [javax.persistence.sharedCache.mode], use [jakarta.persistence.sharedCache.mode] instead
2023-02-18T01:00:14.735+05:30  INFO 11732 --- [restartedMain] com.zaxxer.hikari.HikariDataSource       : HikariPool-1 - Starting...
2023-02-18T01:00:15.190+05:30  INFO 11732 --- [restartedMain] com.zaxxer.hikari.pool.HikariPool        : HikariPool-1 - Added connection com.mysql.cj.jdbc.ConnectionImpl@3f4426d1
2023-02-18T01:00:15.194+05:30  INFO 11732 --- [restartedMain] com.zaxxer.hikari.HikariDataSource       : HikariPool-1 - Start completed.
2023-02-18T01:00:15.218+05:30  INFO 11732 --- [restartedMain] SQL dialect                              : HHH000400: Using dialect: org.hibernate.dialect.MySQL8Dialect
2023-02-18T01:00:15.220+05:30  WARN 11732 --- [restartedMain] org.hibernate.orm.deprecation            : HHH90000026: MySQL8Dialect has been deprecated; use org.hibernate.dialect.MySQLDialect instead
2023-02-18T01:00:16.280+05:30  INFO 11732 --- [restartedMain] o.h.e.t.j.p.i.JtaPlatformInitiator       : HHH000490: Using JtaPlatform implementation: [org.hibernate.engine.transaction.jta.platform.internal.NoJtaPlatform]
2023-02-18T01:00:16.291+05:30  INFO 11732 --- [restartedMain] j.LocalContainerEntityManagerFactoryBean : Initialized JPA EntityManagerFactory for persistence unit 'default'
2023-02-18T01:00:17.212+05:30  WARN 11732 --- [restartedMain] JpaBaseConfiguration$JpaWebConfiguration : spring.jpa.open-in-view is enabled by default. Therefore, database queries may be performed during view rendering. Explicitly configure spring.jpa.open-in-view to disable this warning
2023-02-18T01:00:17.339+05:30  INFO 11732 --- [restartedMain] o.s.b.a.w.s.WelcomePageHandlerMapping    : Adding welcome page template: index
2023-02-18T01:00:17.717+05:30  INFO 11732 --- [restartedMain] o.s.b.a.e.web.EndpointLinksResolver      : Exposing 1 endpoint(s) beneath base path '/actuator'
2023-02-18T01:00:17.780+05:30  INFO 11732 --- [restartedMain] o.s.s.web.DefaultSecurityFilterChain     : Will secure any request with [org.springframework.security.web.session.DisableEncodeUrlFilter@4652d15, org.springframework.security.web.context.request.async.WebAsyncManagerIntegrationFilter@412ed39a, org.springframework.security.web.context.SecurityContextHolderFilter@7770b87e, org.springframework.security.web.header.HeaderWriterFilter@15df0ada, org.springframework.security.web.authentication.logout.LogoutFilter@1010e3da, org.springframework.security.web.authentication.UsernamePasswordAuthenticationFilter@2acde873, org.springframework.security.web.savedrequest.RequestCacheAwareFilter@760d007b, org.springframework.security.web.servletapi.SecurityContextHolderAwareRequestFilter@6549c136, org.springframework.security.web.authentication.AnonymousAuthenticationFilter@460e8fb7, org.springframework.security.web.access.ExceptionTranslationFilter@2d5121c2, org.springframework.security.web.access.intercept.AuthorizationFilter@646c3eb5]
2023-02-18T01:00:18.202+05:30  INFO 11732 --- [restartedMain] o.s.b.d.a.OptionalLiveReloadServer       : LiveReload server is running on port 35729
2023-02-18T01:00:18.335+05:30  INFO 11732 --- [restartedMain] o.s.b.w.embedded.tomcat.TomcatWebServer  : Tomcat started on port(s): 8282 (http) with context path ''
2023-02-18T01:00:18.357+05:30  INFO 11732 --- [restartedMain] com.pgman.PgmanApplication               : Started PgmanApplication in 7.909 seconds (process running for 8.691)
2023-02-18T01:00:20.028+05:30  INFO 11732 --- [RMI TCP Connection(3)-127.0.0.1] o.a.c.c.C.[Tomcat].[localhost].[/]       : Initializing Spring DispatcherServlet 'dispatcherServlet'
2023-02-18T01:00:20.029+05:30  INFO 11732 --- [RMI TCP Connection(3)-127.0.0.1] o.s.web.servlet.DispatcherServlet        : Initializing Servlet 'dispatcherServlet'
2023-02-18T01:00:20.032+05:30  INFO 11732 --- [RMI TCP Connection(3)-127.0.0.1] o.s.web.servlet.DispatcherServlet        : Completed initialization in 2 ms
2023-02-18T01:00:49.231+05:30  WARN 11732 --- [http-nio-8282-exec-1] actStandardFragmentInsertionTagProcessor : [THYMELEAF][http-nio-8282-exec-1][login] Deprecated unwrapped fragment expression "base::layout(~{::section})" found in template login, line 2, col 53. Please use the complete syntax of fragment expressions instead ("~{base::layout(~{::section})}"). The old, unwrapped syntax for fragment expressions will be removed in future versions of Thymeleaf.
2023-02-18T01:00:53.417+05:30  INFO 11732 --- [http-nio-8282-exec-8] com.pgman.controller.GuestController     : This is Guest Controller
2023-02-18T01:00:53.499+05:30  WARN 11732 --- [http-nio-8282-exec-8] actStandardFragmentInsertionTagProcessor : [THYMELEAF][http-nio-8282-exec-8][guestviews/guestpage] Deprecated unwrapped fragment expression "guestviews/base::layout(~{::section})" found in template guestviews/guestpage, line 2, col 53. Please use the complete syntax of fragment expressions instead ("~{guestviews/base::layout(~{::section})}"). The old, unwrapped syntax for fragment expressions will be removed in future versions of Thymeleaf.
2023-02-18T01:02:31.219+05:30  INFO 11732 --- [http-nio-8282-exec-3] com.pgman.controller.GuestController     : This is Guest Controller
2023-02-18T01:02:31.255+05:30  WARN 11732 --- [http-nio-8282-exec-3] actStandardFragmentInsertionTagProcessor : [THYMELEAF][http-nio-8282-exec-3][guestviews/guestpage] Deprecated unwrapped fragment expression "guestviews/base::layout(~{::section})" found in template guestviews/guestpage, line 2, col 53. Please use the complete syntax of fragment expressions instead ("~{guestviews/base::layout(~{::section})}"). The old, unwrapped syntax for fragment expressions will be removed in future versions of Thymeleaf.
2023-02-18T01:12:30.530+05:30  INFO 11732 --- [http-nio-8282-exec-10] com.pgman.controller.GuestController     : This is Guest Controller
2023-02-18T01:12:30.561+05:30  WARN 11732 --- [http-nio-8282-exec-10] actStandardFragmentInsertionTagProcessor : [THYMELEAF][http-nio-8282-exec-10][guestviews/guestpage] Deprecated unwrapped fragment expression "guestviews/base::layout(~{::section})" found in template guestviews/guestpage, line 2, col 53. Please use the complete syntax of fragment expressions instead ("~{guestviews/base::layout(~{::section})}"). The old, unwrapped syntax for fragment expressions will be removed in future versions of Thymeleaf.
2023-02-18T01:14:40.502+05:30  INFO 11732 --- [http-nio-8282-exec-5] com.pgman.controller.GuestController     : This is Guest Controller
2023-02-18T01:14:40.532+05:30  WARN 11732 --- [http-nio-8282-exec-5] actStandardFragmentInsertionTagProcessor : [THYMELEAF][http-nio-8282-exec-5][guestviews/guestpage] Deprecated unwrapped fragment expression "guestviews/base::layout(~{::section})" found in template guestviews/guestpage, line 2, col 53. Please use the complete syntax of fragment expressions instead ("~{guestviews/base::layout(~{::section})}"). The old, unwrapped syntax for fragment expressions will be removed in future versions of Thymeleaf.
2023-02-18T01:18:14.471+05:30  INFO 11732 --- [http-nio-8282-exec-1] com.pgman.controller.GuestController     : This is Guest Controller
2023-02-18T01:18:14.518+05:30  WARN 11732 --- [http-nio-8282-exec-1] actStandardFragmentInsertionTagProcessor : [THYMELEAF][http-nio-8282-exec-1][guestviews/guestpage] Deprecated unwrapped fragment expression "guestviews/base::layout(~{::section})" found in template guestviews/guestpage, line 2, col 53. Please use the complete syntax of fragment expressions instead ("~{guestviews/base::layout(~{::section})}"). The old, unwrapped syntax for fragment expressions will be removed in future versions of Thymeleaf.
2023-02-18T01:18:32.634+05:30  INFO 11732 --- [http-nio-8282-exec-7] com.pgman.controller.GuestController     : This is Guest Controller
2023-02-18T01:18:32.664+05:30  WARN 11732 --- [http-nio-8282-exec-7] actStandardFragmentInsertionTagProcessor : [THYMELEAF][http-nio-8282-exec-7][guestviews/guestpage] Deprecated unwrapped fragment expression "guestviews/base::layout(~{::section})" found in template guestviews/guestpage, line 2, col 53. Please use the complete syntax of fragment expressions instead ("~{guestviews/base::layout(~{::section})}"). The old, unwrapped syntax for fragment expressions will be removed in future versions of Thymeleaf.
2023-02-18T01:18:47.266+05:30  INFO 11732 --- [http-nio-8282-exec-2] com.pgman.controller.GuestController     : This is Guest Controller
2023-02-18T01:18:47.320+05:30  WARN 11732 --- [http-nio-8282-exec-2] actStandardFragmentInsertionTagProcessor : [THYMELEAF][http-nio-8282-exec-2][guestviews/guestpage] Deprecated unwrapped fragment expression "guestviews/base::layout(~{::section})" found in template guestviews/guestpage, line 2, col 53. Please use the complete syntax of fragment expressions instead ("~{guestviews/base::layout(~{::section})}"). The old, unwrapped syntax for fragment expressions will be removed in future versions of Thymeleaf.
2023-02-18T23:35:47.556+05:30  INFO 12952 --- [restartedMain] com.pgman.PgmanApplication               : Starting PgmanApplication using Java 18.0.1.1 with PID 12952 (C:\Users\sakas\OneDrive\Desktop\Work\pgman\target\classes started by sakas in C:\Users\sakas\OneDrive\Desktop\Work\pgman)
2023-02-18T23:35:47.559+05:30  INFO 12952 --- [restartedMain] com.pgman.PgmanApplication               : No active profile set, falling back to 1 default profile: "default"
2023-02-18T23:35:47.645+05:30  INFO 12952 --- [restartedMain] o.s.b.devtools.restart.ChangeableUrls    : The Class-Path manifest attribute in C:\Users\sakas\.m2\repository\com\sun\xml\bind\jaxb-core\4.0.0\jaxb-core-4.0.0.jar referenced one or more files that do not exist: file:/C:/Users/sakas/.m2/repository/com/sun/xml/bind/jaxb-core/4.0.0/jakarta.activation-api.jar,file:/C:/Users/sakas/.m2/repository/com/sun/xml/bind/jaxb-core/4.0.0/jakarta.xml.bind-api.jar
2023-02-18T23:35:47.647+05:30  INFO 12952 --- [restartedMain] .e.DevToolsPropertyDefaultsPostProcessor : Devtools property defaults active! Set 'spring.devtools.add-properties' to 'false' to disable
2023-02-18T23:35:47.648+05:30  INFO 12952 --- [restartedMain] .e.DevToolsPropertyDefaultsPostProcessor : For additional web related logging consider setting the 'logging.level.web' property to 'DEBUG'
2023-02-18T23:35:49.205+05:30  INFO 12952 --- [restartedMain] .s.d.r.c.RepositoryConfigurationDelegate : Bootstrapping Spring Data JPA repositories in DEFAULT mode.
2023-02-18T23:35:49.292+05:30  INFO 12952 --- [restartedMain] .s.d.r.c.RepositoryConfigurationDelegate : Finished Spring Data repository scanning in 75 ms. Found 4 JPA repository interfaces.
2023-02-18T23:35:50.463+05:30  INFO 12952 --- [restartedMain] o.s.b.w.embedded.tomcat.TomcatWebServer  : Tomcat initialized with port(s): 8282 (http)
2023-02-18T23:35:50.487+05:30  INFO 12952 --- [restartedMain] o.apache.catalina.core.StandardService   : Starting service [Tomcat]
2023-02-18T23:35:50.489+05:30  INFO 12952 --- [restartedMain] o.apache.catalina.core.StandardEngine    : Starting Servlet engine: [Apache Tomcat/10.1.1]
2023-02-18T23:35:50.587+05:30  INFO 12952 --- [restartedMain] o.a.c.c.C.[Tomcat].[localhost].[/]       : Initializing Spring embedded WebApplicationContext
2023-02-18T23:35:50.588+05:30  INFO 12952 --- [restartedMain] w.s.c.ServletWebServerApplicationContext : Root WebApplicationContext: initialization completed in 2938 ms
2023-02-18T23:35:51.067+05:30  INFO 12952 --- [restartedMain] o.hibernate.jpa.internal.util.LogHelper  : HHH000204: Processing PersistenceUnitInfo [name: default]
2023-02-18T23:35:51.167+05:30  INFO 12952 --- [restartedMain] org.hibernate.Version                    : HHH000412: Hibernate ORM core version 6.1.5.Final
2023-02-18T23:35:51.422+05:30  WARN 12952 --- [restartedMain] org.hibernate.orm.deprecation            : HHH90000021: Encountered deprecated setting [javax.persistence.sharedCache.mode], use [jakarta.persistence.sharedCache.mode] instead
2023-02-18T23:35:51.586+05:30  INFO 12952 --- [restartedMain] com.zaxxer.hikari.HikariDataSource       : HikariPool-1 - Starting...
2023-02-18T23:35:51.983+05:30  INFO 12952 --- [restartedMain] com.zaxxer.hikari.pool.HikariPool        : HikariPool-1 - Added connection com.mysql.cj.jdbc.ConnectionImpl@40e41104
2023-02-18T23:35:51.985+05:30  INFO 12952 --- [restartedMain] com.zaxxer.hikari.HikariDataSource       : HikariPool-1 - Start completed.
2023-02-18T23:35:52.008+05:30  INFO 12952 --- [restartedMain] SQL dialect                              : HHH000400: Using dialect: org.hibernate.dialect.MySQL8Dialect
2023-02-18T23:35:52.009+05:30  WARN 12952 --- [restartedMain] org.hibernate.orm.deprecation            : HHH90000026: MySQL8Dialect has been deprecated; use org.hibernate.dialect.MySQLDialect instead
2023-02-18T23:35:53.309+05:30  INFO 12952 --- [restartedMain] o.h.e.t.j.p.i.JtaPlatformInitiator       : HHH000490: Using JtaPlatform implementation: [org.hibernate.engine.transaction.jta.platform.internal.NoJtaPlatform]
2023-02-18T23:35:53.325+05:30  INFO 12952 --- [restartedMain] j.LocalContainerEntityManagerFactoryBean : Initialized JPA EntityManagerFactory for persistence unit 'default'
2023-02-18T23:35:54.202+05:30  WARN 12952 --- [restartedMain] JpaBaseConfiguration$JpaWebConfiguration : spring.jpa.open-in-view is enabled by default. Therefore, database queries may be performed during view rendering. Explicitly configure spring.jpa.open-in-view to disable this warning
2023-02-18T23:35:54.360+05:30  INFO 12952 --- [restartedMain] o.s.b.a.w.s.WelcomePageHandlerMapping    : Adding welcome page template: index
2023-02-18T23:35:54.768+05:30  INFO 12952 --- [restartedMain] o.s.b.a.e.web.EndpointLinksResolver      : Exposing 1 endpoint(s) beneath base path '/actuator'
2023-02-18T23:35:54.845+05:30  INFO 12952 --- [restartedMain] o.s.s.web.DefaultSecurityFilterChain     : Will secure any request with [org.springframework.security.web.session.DisableEncodeUrlFilter@3d4fef43, org.springframework.security.web.context.request.async.WebAsyncManagerIntegrationFilter@20fb6c71, org.springframework.security.web.context.SecurityContextHolderFilter@7d1c65eb, org.springframework.security.web.header.HeaderWriterFilter@8bb031e, org.springframework.security.web.authentication.logout.LogoutFilter@14e8287d, org.springframework.security.web.authentication.UsernamePasswordAuthenticationFilter@39449db6, org.springframework.security.web.savedrequest.RequestCacheAwareFilter@41f8718a, org.springframework.security.web.servletapi.SecurityContextHolderAwareRequestFilter@3d7ed438, org.springframework.security.web.authentication.AnonymousAuthenticationFilter@62409702, org.springframework.security.web.access.ExceptionTranslationFilter@7cef87a8, org.springframework.security.web.access.intercept.AuthorizationFilter@18e31324]
2023-02-18T23:35:55.245+05:30  INFO 12952 --- [restartedMain] o.s.b.d.a.OptionalLiveReloadServer       : LiveReload server is running on port 35729
2023-02-18T23:35:55.345+05:30  INFO 12952 --- [restartedMain] o.s.b.w.embedded.tomcat.TomcatWebServer  : Tomcat started on port(s): 8282 (http) with context path ''
2023-02-18T23:35:55.367+05:30  INFO 12952 --- [restartedMain] com.pgman.PgmanApplication               : Started PgmanApplication in 8.434 seconds (process running for 8.936)
2023-02-18T23:35:56.538+05:30  INFO 12952 --- [RMI TCP Connection(1)-127.0.0.1] o.a.c.c.C.[Tomcat].[localhost].[/]       : Initializing Spring DispatcherServlet 'dispatcherServlet'
2023-02-18T23:35:56.539+05:30  INFO 12952 --- [RMI TCP Connection(1)-127.0.0.1] o.s.web.servlet.DispatcherServlet        : Initializing Servlet 'dispatcherServlet'
2023-02-18T23:35:56.540+05:30  INFO 12952 --- [RMI TCP Connection(1)-127.0.0.1] o.s.web.servlet.DispatcherServlet        : Completed initialization in 1 ms
2023-02-18T23:36:37.093+05:30  WARN 12952 --- [http-nio-8282-exec-1] actStandardFragmentInsertionTagProcessor : [THYMELEAF][http-nio-8282-exec-1][login] Deprecated unwrapped fragment expression "base::layout(~{::section})" found in template login, line 2, col 53. Please use the complete syntax of fragment expressions instead ("~{base::layout(~{::section})}"). The old, unwrapped syntax for fragment expressions will be removed in future versions of Thymeleaf.
2023-02-18T23:36:42.143+05:30  INFO 12952 --- [http-nio-8282-exec-8] com.pgman.controller.GuestController     : This is Guest Controller
2023-02-18T23:36:42.234+05:30  WARN 12952 --- [http-nio-8282-exec-8] actStandardFragmentInsertionTagProcessor : [THYMELEAF][http-nio-8282-exec-8][guestviews/guestpage] Deprecated unwrapped fragment expression "guestviews/base::layout(~{::section})" found in template guestviews/guestpage, line 2, col 53. Please use the complete syntax of fragment expressions instead ("~{guestviews/base::layout(~{::section})}"). The old, unwrapped syntax for fragment expressions will be removed in future versions of Thymeleaf.
2023-02-18T23:37:18.907+05:30  INFO 12952 --- [http-nio-8282-exec-4] com.pgman.controller.GuestController     : This is Guest Controller
2023-02-18T23:37:18.961+05:30  WARN 12952 --- [http-nio-8282-exec-4] actStandardFragmentInsertionTagProcessor : [THYMELEAF][http-nio-8282-exec-4][guestviews/guestpage] Deprecated unwrapped fragment expression "guestviews/base::layout(~{::section})" found in template guestviews/guestpage, line 2, col 53. Please use the complete syntax of fragment expressions instead ("~{guestviews/base::layout(~{::section})}"). The old, unwrapped syntax for fragment expressions will be removed in future versions of Thymeleaf.
2023-02-18T23:43:41.963+05:30  INFO 12952 --- [http-nio-8282-exec-8] com.pgman.controller.GuestController     : This is Guest Controller
2023-02-18T23:43:42.005+05:30  WARN 12952 --- [http-nio-8282-exec-8] actStandardFragmentInsertionTagProcessor : [THYMELEAF][http-nio-8282-exec-8][guestviews/guestpage] Deprecated unwrapped fragment expression "guestviews/base::layout(~{::section})" found in template guestviews/guestpage, line 2, col 53. Please use the complete syntax of fragment expressions instead ("~{guestviews/base::layout(~{::section})}"). The old, unwrapped syntax for fragment expressions will be removed in future versions of Thymeleaf.
2023-02-18T23:44:33.631+05:30  INFO 12952 --- [http-nio-8282-exec-4] com.pgman.controller.GuestController     : This is Guest Controller
2023-02-18T23:44:33.656+05:30  WARN 12952 --- [http-nio-8282-exec-4] actStandardFragmentInsertionTagProcessor : [THYMELEAF][http-nio-8282-exec-4][guestviews/guestpage] Deprecated unwrapped fragment expression "guestviews/base::layout(~{::section})" found in template guestviews/guestpage, line 2, col 53. Please use the complete syntax of fragment expressions instead ("~{guestviews/base::layout(~{::section})}"). The old, unwrapped syntax for fragment expressions will be removed in future versions of Thymeleaf.
2023-02-18T23:44:40.173+05:30  INFO 12952 --- [http-nio-8282-exec-5] com.pgman.controller.GuestController     : This is Guest Controller
2023-02-18T23:44:40.218+05:30  WARN 12952 --- [http-nio-8282-exec-5] actStandardFragmentInsertionTagProcessor : [THYMELEAF][http-nio-8282-exec-5][guestviews/guestpage] Deprecated unwrapped fragment expression "guestviews/base::layout(~{::section})" found in template guestviews/guestpage, line 2, col 53. Please use the complete syntax of fragment expressions instead ("~{guestviews/base::layout(~{::section})}"). The old, unwrapped syntax for fragment expressions will be removed in future versions of Thymeleaf.
2023-02-18T23:46:04.738+05:30  INFO 12952 --- [http-nio-8282-exec-2] com.pgman.controller.GuestController     : This is Guest Controller
2023-02-18T23:46:04.770+05:30  WARN 12952 --- [http-nio-8282-exec-2] actStandardFragmentInsertionTagProcessor : [THYMELEAF][http-nio-8282-exec-2][guestviews/guestpage] Deprecated unwrapped fragment expression "guestviews/base::layout(~{::section})" found in template guestviews/guestpage, line 2, col 53. Please use the complete syntax of fragment expressions instead ("~{guestviews/base::layout(~{::section})}"). The old, unwrapped syntax for fragment expressions will be removed in future versions of Thymeleaf.
2023-02-18T23:46:07.679+05:30  INFO 12952 --- [http-nio-8282-exec-5] com.pgman.controller.GuestController     : This is Guest Controller
2023-02-18T23:46:07.728+05:30  WARN 12952 --- [http-nio-8282-exec-5] actStandardFragmentInsertionTagProcessor : [THYMELEAF][http-nio-8282-exec-5][guestviews/guestpage] Deprecated unwrapped fragment expression "guestviews/base::layout(~{::section})" found in template guestviews/guestpage, line 2, col 53. Please use the complete syntax of fragment expressions instead ("~{guestviews/base::layout(~{::section})}"). The old, unwrapped syntax for fragment expressions will be removed in future versions of Thymeleaf.
2023-02-18T23:46:09.173+05:30  INFO 12952 --- [http-nio-8282-exec-4] com.pgman.controller.GuestController     : This is Guest Controller
2023-02-18T23:46:09.222+05:30  WARN 12952 --- [http-nio-8282-exec-4] actStandardFragmentInsertionTagProcessor : [THYMELEAF][http-nio-8282-exec-4][guestviews/guestpage] Deprecated unwrapped fragment expression "guestviews/base::layout(~{::section})" found in template guestviews/guestpage, line 2, col 53. Please use the complete syntax of fragment expressions instead ("~{guestviews/base::layout(~{::section})}"). The old, unwrapped syntax for fragment expressions will be removed in future versions of Thymeleaf.
2023-02-18T23:50:38.204+05:30  INFO 12952 --- [http-nio-8282-exec-5] com.pgman.controller.GuestController     : This is Guest Controller
2023-02-18T23:50:38.237+05:30  WARN 12952 --- [http-nio-8282-exec-5] actStandardFragmentInsertionTagProcessor : [THYMELEAF][http-nio-8282-exec-5][guestviews/guestpage] Deprecated unwrapped fragment expression "guestviews/base::layout(~{::section})" found in template guestviews/guestpage, line 2, col 53. Please use the complete syntax of fragment expressions instead ("~{guestviews/base::layout(~{::section})}"). The old, unwrapped syntax for fragment expressions will be removed in future versions of Thymeleaf.
2023-02-18T23:52:05.460+05:30  INFO 12952 --- [http-nio-8282-exec-10] com.pgman.controller.GuestController     : This is Guest Controller
2023-02-18T23:52:05.491+05:30  WARN 12952 --- [http-nio-8282-exec-10] actStandardFragmentInsertionTagProcessor : [THYMELEAF][http-nio-8282-exec-10][guestviews/guestpage] Deprecated unwrapped fragment expression "guestviews/base::layout(~{::section})" found in template guestviews/guestpage, line 2, col 53. Please use the complete syntax of fragment expressions instead ("~{guestviews/base::layout(~{::section})}"). The old, unwrapped syntax for fragment expressions will be removed in future versions of Thymeleaf.
